__main__ DEBUG:namespace(task_to_run='continuous_reading', stimuli_filepath='data\\processed\\Provo_Corpus.csv', stimuli_separator='\t', language='english', run_exp=True, analyze_results=True, results_filepath='', parameters_filepath='', eye_tracking_filepath='../data/raw/Provo_Corpus-Eyetracking_Data.csv', results_identifier='prediction_flag', experiment_parameters_filepath='C:\\Users\\Konstantin\\Documents\\OB1-reader-model-master\\src\\experiment_parameters.json', optimize=False, print_process=False, plotting=False, prediction_flag=False, number_of_simulations=10, n_trials=0, task_name='continuous_reading', stim_name='Provo_Corpus', stim=    id                                                all                                              words                                           word_ids
0    0  There are now rumblings that Apple might soon ...  ['there', 'are', 'now', 'rumblings', 'that', '...  [0, 1, 2, 3, 4, 5, 6, 7, 8, 9, 10, 11, 12, 13,...
1    1  Two days later, the British astronomer Richard...  ['two', 'days', 'later', 'the', 'british', 'as...  [0, 1, 2, 3, 4, 5, 6, 7, 8, 9, 10, 11, 12, 13,...
2    2  I agree that California's "three strikes and y...  ['i', 'agree', 'that', 'californias', 'three',...  [0, 1, 2, 3, 4, 5, 6, 7, 8, 9, 10, 11, 12, 13,...
3    3  Liza was in a bad temper, for she was mixing t...  ['liza', 'was', 'in', 'a', 'bad', 'temper', 'f...  [0, 1, 2, 3, 4, 5, 6, 7, 8, 9, 10, 11, 12, 13,...
4    4  Mrs. Darling quivered and went to the window. ...  ['mrs', 'darling', 'quivered', 'and', 'went', ...  [0, 1, 2, 3, 4, 5, 6, 7, 8, 9, 10, 11, 12, 13,...
5    5  Seeing Peter slowly advancing upon him through...  ['seeing', 'peter', 'slowly', 'advancing', 'up...  [0, 1, 2, 3, 4, 5, 6, 7, 8, 9, 10, 11, 12, 13,...
6    6  Dorothy didn't know. She looked around her anx...  ['dorothy', 'didnt', 'know', 'she', 'looked', ...  [0, 1, 2, 3, 4, 5, 6, 7, 8, 9, 10, 11, 12, 13,...
7    7  The human body can tolerate only a small range...  ['the', 'human', 'body', 'can', 'tolerate', 'o...  [0, 1, 2, 3, 4, 5, 6, 7, 8, 9, 10, 11, 12, 13,...
8    8  It was a forbidding challenge, and it says muc...  ['it', 'was', 'a', 'forbidding', 'challenge', ...  [0, 1, 2, 3, 4, 5, 6, 7, 8, 9, 10, 11, 12, 13,...
9    9  A clergyman remarked to him, "The Lord is on o...  ['a', 'clergyman', 'remarked', 'to', 'him', 't...  [0, 1, 2, 3, 4, 5, 6, 7, 8, 9, 10, 11, 12, 13,...
10  10  Known as Rapa Nui to the island's inhabitants,...  ['known', 'as', 'rapa', 'nui', 'to', 'the', 'i...  [0, 1, 2, 3, 4, 5, 6, 7, 8, 9, 10, 11, 12, 13,...
11  11  Some months later, Michael Larson saw another ...  ['some', 'months', 'later', 'michael', 'larson...  [0, 1, 2, 3, 4, 5, 6, 7, 8, 9, 10, 11, 12, 13,...
12  12  Bob Murphy, the Senior PGA Tour money leader w...  ['bob', 'murphy', 'the', 'senior', 'pga', 'tou...  [0, 1, 2, 3, 4, 5, 6, 7, 8, 9, 10, 11, 12, 13,...
13  13  With schools still closed, cars still buried a...  ['with', 'schools', 'still', 'closed', 'cars',...  [0, 1, 2, 3, 4, 5, 6, 7, 8, 9, 10, 11, 12, 13,...
14  14  Greg Anderson, considered a key witness by the...  ['greg', 'anderson', 'considered', 'a', 'key',...  [0, 1, 2, 3, 4, 5, 6, 7, 8, 9, 10, 11, 12, 13,...
15  15  Steam sterilization is limited in the types of...  ['steam', 'sterilization', 'is', 'limited', 'i...  [0, 1, 2, 3, 4, 5, 6, 7, 8, 9, 10, 11, 12, 13,...
16  16  Owls are more flexible than humans because a b...  ['owls', 'are', 'more', 'flexible', 'than', 'h...  [0, 1, 2, 3, 4, 5, 6, 7, 8, 9, 10, 11, 12, 13,...
17  17  Even in the same animal, not all bites are the...  ['even', 'in', 'the', 'same', 'animal', 'not',...  [0, 1, 2, 3, 4, 5, 6, 7, 8, 9, 10, 11, 12, 13,...
18  18  Interestingly, the heaviest isotopes physicist...  ['interestingly', 'the', 'heaviest', 'isotopes...  [0, 1, 2, 3, 4, 5, 6, 7, 8, 9, 10, 11, 12, 13,...
19  19  Buck did not like it, but he bore up well to t...  ['buck', 'did', 'not', 'like', 'it', 'but', 'h...  [0, 1, 2, 3, 4, 5, 6, 7, 8, 9, 10, 11, 12, 13,...
20  20  These days, neuroscience is beginning to catch...  ['these', 'days', 'neuroscience', 'is', 'begin...  [0, 1, 2, 3, 4, 5, 6, 7, 8, 9, 10, 11, 12, 13,...
21  21  Not only smoke came out of it. There came also...  ['not', 'only', 'smoke', 'came', 'out', 'of', ...  [0, 1, 2, 3, 4, 5, 6, 7, 8, 9, 10, 11, 12, 13,...
22  22  When a nucleus has all of its proton shells or...  ['when', 'a', 'nucleus', 'has', 'all', 'of', '...  [0, 1, 2, 3, 4, 5, 6, 7, 8, 9, 10, 11, 12, 13,...
23  23  Hybrid vehicles have a halo that makes owners ...  ['hybrid', 'vehicles', 'have', 'a', 'halo', 't...  [0, 1, 2, 3, 4, 5, 6, 7, 8, 9, 10, 11, 12, 13,...
24  24  The girl's feet were then re-wrapped even tigh...  ['the', 'girls', 'feet', 'were', 'then', 'rewr...  [0, 1, 2, 3, 4, 5, 6, 7, 8, 9, 10, 11, 12, 13,...
25  25  An early task will be to make sure the newfoun...  ['an', 'early', 'task', 'will', 'be', 'to', 'm...  [0, 1, 2, 3, 4, 5, 6, 7, 8, 9, 10, 11, 12, 13,...
26  26  Very similar, but even more striking, is the e...  ['very', 'similar', 'but', 'even', 'more', 'st...  [0, 1, 2, 3, 4, 5, 6, 7, 8, 9, 10, 11, 12, 13,...
27  27  A bill was drafted and introduced into Parliam...  ['a', 'bill', 'was', 'drafted', 'and', 'introd...  [0, 1, 2, 3, 4, 5, 6, 7, 8, 9, 10, 11, 12, 13,...
28  28  When early Europeans discovered Easter Island,...  ['when', 'early', 'europeans', 'discovered', '...  [0, 1, 2, 3, 4, 5, 6, 7, 8, 9, 10, 11, 12, 13,...
29  29  Binge drinking may not necessarily kill or eve...  ['binge', 'drinking', 'may', 'not', 'necessari...  [0, 1, 2, 3, 4, 5, 6, 7, 8, 9, 10, 11, 12, 13,...
30  30  When preparing to check out of their hotel roo...  ['when', 'preparing', 'to', 'check', 'out', 'o...  [0, 1, 2, 3, 4, 5, 6, 7, 8, 9, 10, 11, 12, 13,...
31  31  In no celestial hurry, Neptune has just comple...  ['in', 'no', 'celestial', 'hurry', 'neptune', ...  [0, 1, 2, 3, 4, 5, 6, 7, 8, 9, 10, 11, 12, 13,...
32  32  When attacked, a skunk's natural inclination i...  ['when', 'attacked', 'a', 'skunks', 'natural',...  [0, 1, 2, 3, 4, 5, 6, 7, 8, 9, 10, 11, 12, 13,...
33  33  Lady Gaga's YouTube account was suspended Thur...  ['lady', 'gagas', 'youtube', 'account', 'was',...  [0, 1, 2, 3, 4, 5, 6, 7, 8, 9, 10, 11, 12, 13,...
34  34  The astronauts used a hefty robotic arm to mov...  ['the', 'astronauts', 'used', 'a', 'hefty', 'r...  [0, 1, 2, 3, 4, 5, 6, 7, 8, 9, 10, 11, 12, 13,...
35  35  Rich investors with no ties to farming, no dir...  ['rich', 'investors', 'with', 'no', 'ties', 't...  [0, 1, 2, 3, 4, 5, 6, 7, 8, 9, 10, 11, 12, 13,...
36  36  John Thornton asked little of man or nature. H...  ['john', 'thornton', 'asked', 'little', 'of', ...  [0, 1, 2, 3, 4, 5, 6, 7, 8, 9, 10, 11, 12, 13,...
37  37  All that the brain has to work with are imperf...  ['all', 'that', 'the', 'brain', 'has', 'to', '...  [0, 1, 2, 3, 4, 5, 6, 7, 8, 9, 10, 11, 12, 13,...
38  38  That's because when immigrants from a particul...  ['thats', 'because', 'when', 'immigrants', 'fr...  [0, 1, 2, 3, 4, 5, 6, 7, 8, 9, 10, 11, 12, 13,...
39  39  Police in Georgia have shut down a lemonade st...  ['police', 'in', 'georgia', 'have', 'shut', 'd...  [0, 1, 2, 3, 4, 5, 6, 7, 8, 9, 10, 11, 12, 13,...
40  40  Research showing that a tiny European river bu...  ['research', 'showing', 'that', 'a', 'tiny', '...  [0, 1, 2, 3, 4, 5, 6, 7, 8, 9, 10, 11, 12, 13,...
41  41  There often seems to be more diving in soccer ...  ['there', 'often', 'seems', 'to', 'be', 'more'...  [0, 1, 2, 3, 4, 5, 6, 7, 8, 9, 10, 11, 12, 13,...
42  42  Proper ventilation will make a backdraft less ...  ['proper', 'ventilation', 'will', 'make', 'a',...  [0, 1, 2, 3, 4, 5, 6, 7, 8, 9, 10, 11, 12, 13,...
43  43  The first step to be taken in studying the his...  ['the', 'first', 'step', 'to', 'be', 'taken', ...  [0, 1, 2, 3, 4, 5, 6, 7, 8, 9, 10, 11, 12, 13,...
44  44  Susan B. Anthony spent nearly sixty years of h...  ['susan', 'b', 'anthony', 'spent', 'nearly', '...  [0, 1, 2, 3, 4, 5, 6, 7, 8, 9, 10, 11, 12, 13,...
45  45  As Earth warms due to the human-caused release...  ['as', 'earth', 'warms', 'due', 'to', 'the', '...  [0, 1, 2, 3, 4, 5, 6, 7, 8, 9, 10, 11, 12, 13,...
46  46  Unfortunately, for every six water bottles we ...  ['unfortunately', 'for', 'every', 'six', 'wate...  [0, 1, 2, 3, 4, 5, 6, 7, 8, 9, 10, 11, 12, 13,...
47  47  As in the United States, Colombian legislation...  ['as', 'in', 'the', 'united', 'states', 'colom...  [0, 1, 2, 3, 4, 5, 6, 7, 8, 9, 10, 11, 12, 13,...
48  48  For centuries, time was measured by the positi...  ['for', 'centuries', 'time', 'was', 'measured'...  [0, 1, 2, 3, 4, 5, 6, 7, 8, 9, 10, 11, 12, 13,...
49  49  When the new world was first discovered it was...  ['when', 'the', 'new', 'world', 'was', 'first'...  [0, 1, 2, 3, 4, 5, 6, 7, 8, 9, 10, 11, 12, 13,...
50  50  American industry may not know it, but debate ...  ['american', 'industry', 'may', 'not', 'know',...  [0, 1, 2, 3, 4, 5, 6, 7, 8, 9, 10, 11, 12, 13,...
51  51  Stress is a risk factor for both depression an...  ['stress', 'is', 'a', 'risk', 'factor', 'for',...  [0, 1, 2, 3, 4, 5, 6, 7, 8, 9, 10, 11, 12, 13,...
52  52  When it comes to having a lasting and fulfilli...  ['when', 'it', 'comes', 'to', 'having', 'a', '...  [0, 1, 2, 3, 4, 5, 6, 7, 8, 9, 10, 11, 12, 13,...
53  53  At the time the French crown secured much of i...  ['at', 'the', 'time', 'the', 'french', 'crown'...  [0, 1, 2, 3, 4, 5, 6, 7, 8, 9, 10, 11, 12, 13,...
54  54  Voltaire himself probably won around half a mi...  ['voltaire', 'himself', 'probably', 'won', 'ar...  [0, 1, 2, 3, 4, 5, 6, 7, 8, 9, 10, 11, 12, 13,..., stim_all=0     There are now rumblings that Apple might soon ...
1     Two days later, the British astronomer Richard...
2     I agree that California's "three strikes and y...
3     Liza was in a bad temper, for she was mixing t...
4     Mrs. Darling quivered and went to the window. ...
5     Seeing Peter slowly advancing upon him through...
6     Dorothy didn't know. She looked around her anx...
7     The human body can tolerate only a small range...
8     It was a forbidding challenge, and it says muc...
9     A clergyman remarked to him, "The Lord is on o...
10    Known as Rapa Nui to the island's inhabitants,...
11    Some months later, Michael Larson saw another ...
12    Bob Murphy, the Senior PGA Tour money leader w...
13    With schools still closed, cars still buried a...
14    Greg Anderson, considered a key witness by the...
15    Steam sterilization is limited in the types of...
16    Owls are more flexible than humans because a b...
17    Even in the same animal, not all bites are the...
18    Interestingly, the heaviest isotopes physicist...
19    Buck did not like it, but he bore up well to t...
20    These days, neuroscience is beginning to catch...
21    Not only smoke came out of it. There came also...
22    When a nucleus has all of its proton shells or...
23    Hybrid vehicles have a halo that makes owners ...
24    The girl's feet were then re-wrapped even tigh...
25    An early task will be to make sure the newfoun...
26    Very similar, but even more striking, is the e...
27    A bill was drafted and introduced into Parliam...
28    When early Europeans discovered Easter Island,...
29    Binge drinking may not necessarily kill or eve...
30    When preparing to check out of their hotel roo...
31    In no celestial hurry, Neptune has just comple...
32    When attacked, a skunk's natural inclination i...
33    Lady Gaga's YouTube account was suspended Thur...
34    The astronauts used a hefty robotic arm to mov...
35    Rich investors with no ties to farming, no dir...
36    John Thornton asked little of man or nature. H...
37    All that the brain has to work with are imperf...
38    That's because when immigrants from a particul...
39    Police in Georgia have shut down a lemonade st...
40    Research showing that a tiny European river bu...
41    There often seems to be more diving in soccer ...
42    Proper ventilation will make a backdraft less ...
43    The first step to be taken in studying the his...
44    Susan B. Anthony spent nearly sixty years of h...
45    As Earth warms due to the human-caused release...
46    Unfortunately, for every six water bottles we ...
47    As in the United States, Colombian legislation...
48    For centuries, time was measured by the positi...
49    When the new world was first discovered it was...
50    American industry may not know it, but debate ...
51    Stress is a risk factor for both depression an...
52    When it comes to having a lasting and fulfilli...
53    At the time the French crown secured much of i...
54    Voltaire himself probably won around half a mi...
Name: all, dtype: object, stimcycles=0, is_priming_task=False, are_nonwords=False, blankscreen_type='blank', blankscreen_cycles_begin=0, blankscreen_cycles_end=0, ncyclesprime=0, POS_implemented=False, affix_implemented=False, display_overlap_inhib_matrix=False, totalcycles=0, cycle_size=20, output_dir=1699623585.1005473, bigram_to_word_excitation=1.0, bigram_to_word_inhibition=0.0, word_inhibition=-0.5, min_activity=0.0, max_activity=1.0, decay=-0.1, discounted_Ngrams=5, bigram_gap=2, min_overlap=0, max_threshold=0.5, freq_weight=0.1, wordfreq_p=0.4, wordpred_p=0.2, word_length_similarity_constant=0.15, frequency_flag=True, use_grammar_prob=False, uniform_prob=False, grammar_weight=0.5, linear=False, topk='all', pred_threshold=0.01, pred_weight=0.1, attend_width=5.0, max_attend_width=5.0, min_attend_width=3.0, attention_skew=3, letPerDeg=0.3, refix_size=0.2, salience_position=1.0, sacc_optimal_distance=7, saccErr_scaler=0.2, saccErr_sigma=0.17, saccErr_sigma_scaler=0.06, mu=12, sigma=4, recog_speeding=5.0, use_saccade_error=True, include_sacc_type_sse=True, sacc_type_objective='total', include_sacc_dist_sse=True, tuning_measure='SSE', discretization='bin', objective=[], epsilon=0.1, similarity_based_recognition=True, use_attendposition_change=True, visualise=False, slow_word_activity=False, pauze_allocation_errors=False, use_boundary_task=False, corpora_repeats=0, trial_ends_on_key_press=False, affix_system=False, simil_algo='', max_edit_dist=0, short_word_cutoff=0, evaluation_measures=['skip', 'single_fix', 'single_fix_duration', 'first_fix_duration', 'gaze_duration', 'total_reading_time', 'regression_in'], fixed_factors=['predictability'])
simulate_experiment INFO:
Preparing simulation(s)...
simulate_experiment INFO:
Setting word recognition thresholds...
simulate_experiment INFO:Finding ngrams from lexicon...
simulate_experiment INFO:Computing word-to-word inhibition matrix...
simulate_experiment INFO:Inhibition grid ready.
simulate_experiment INFO:BEGIN SIMULATION(S)
simulate_experiment INFO:SIMULATION 0
simulate_experiment INFO:---Fixation 0 at position 0---
simulate_experiment INFO:Stimulus: there are now rumblings
Eye position: 2
simulate_experiment INFO:fix on: there  attent. width: 5.0
simulate_experiment INFO:   fixwrd freq. 6.72
simulate_experiment INFO:  input to fixwrd at first cycle: 0.19
simulate_experiment INFO:CYCLE 0    activ @fix 0.19 inhib  #@fix -0.00012
simulate_experiment INFO:CYCLE 1    activ @fix 0.324 inhib  #@fix -0.000478
simulate_experiment INFO:CYCLE 2    activ @fix 0.42 inhib  #@fix -0.000935
simulate_experiment INFO:CYCLE 3    activ @fix 0.487 inhib  #@fix -0.001409
simulate_experiment INFO:CYCLE 4    activ @fix 0.535 inhib  #@fix -0.00186
reading_components INFO:word in input: there      one w. highest act: there
simulate_experiment INFO:CYCLE 5    activ @fix 0.0 inhib  #@fix -0.001421
reading_helper_functions INFO:Calculating visual input for next attention position...
reading_helper_functions INFO:Word position: 0
reading_helper_functions INFO:att width: 5.0, salience: 1.0, att position: 7, att skew: 3, 
reading_helper_functions INFO:    word visual input: 0.45080669238354976
reading_helper_functions INFO:Word position: 1
reading_helper_functions INFO:att width: 5.0, salience: 1.0, att position: 7, att skew: 3, 
reading_helper_functions INFO:    word visual input: 1.1630937769436056
reading_helper_functions INFO:Word position: 2
reading_helper_functions INFO:att width: 5.0, salience: 1.0, att position: 7, att skew: 3, 
reading_helper_functions INFO:    word visual input: 1.0335899816395193
reading_helper_functions INFO:Word position: 3
reading_helper_functions INFO:att width: 5.0, salience: 1.0, att position: 7, att skew: 3, 
reading_helper_functions INFO:    word visual input: 2.0393272615871103
reading_components INFO:next fixation: 3
simulate_experiment INFO:attentpos 18
simulate_experiment INFO:  input after attentshift: 0.0
simulate_experiment INFO:CYCLE 6    activ @fix 0.0 inhib  #@fix -0.001194
simulate_experiment INFO:CYCLE 7    activ @fix 0.0 inhib  #@fix -0.001011
simulate_experiment INFO:CYCLE 8    activ @fix 0.0 inhib  #@fix -0.000862
simulate_experiment INFO:CYCLE 9    activ @fix 0.0 inhib  #@fix -0.00074
simulate_experiment INFO:Fixation duration: 200 ms.
simulate_experiment INFO:['there' None None None None None None None None None None None None None
 None None None None None None None None None None None None None None
 None None None None None None None None None None None None None None
 None None None None None None None None None None None None None None
 None]
simulate_experiment INFO:att pos right before computing next eye position: 18
reading_components INFO:saccade distance: 16
reading_components INFO:saccade error: [-2.56510236]
reading_components INFO:next eye position: 16
simulate_experiment INFO:>>>>>>>>>>>>>>>>>>>>>>>>
simulate_experiment INFO:---Fixation 1 at position 3---
simulate_experiment INFO:Stimulus: now rumblings that apple might
Eye position: 6
simulate_experiment INFO:fix on: rumblings  attent. width: 5.0
simulate_experiment INFO:   fixwrd freq. 2.7
simulate_experiment INFO:  input to fixwrd at first cycle: 0.137
simulate_experiment INFO:CYCLE 0    activ @fix 0.301 inhib  #@fix -0.000118
simulate_experiment INFO:CYCLE 1    activ @fix 0.366 inhib  #@fix -0.000153
simulate_experiment INFO:CYCLE 2    activ @fix 0.417 inhib  #@fix -0.000188
simulate_experiment INFO:CYCLE 3    activ @fix 0.455 inhib  #@fix -0.000221
simulate_experiment INFO:CYCLE 4    activ @fix 0.484 inhib  #@fix -0.000252
simulate_experiment INFO:CYCLE 5    activ @fix 0.506 inhib  #@fix -0.000281
reading_components INFO:word in input: rumblings      one w. highest act: rumblings
simulate_experiment INFO:CYCLE 6    activ @fix 0.0 inhib  #@fix -0.000233
simulate_experiment INFO:CYCLE 7    activ @fix 0.0 inhib  #@fix -0.000199
simulate_experiment INFO:CYCLE 8    activ @fix 0.0 inhib  #@fix -0.000171
reading_components INFO:next fixation: -1
simulate_experiment INFO:attentpos 1
simulate_experiment INFO:  input after attentshift: 0.0
simulate_experiment INFO:CYCLE 9    activ @fix 0.0 inhib  #@fix -0.000149
simulate_experiment INFO:CYCLE 10    activ @fix 0.0 inhib  #@fix -0.000132
simulate_experiment INFO:CYCLE 11    activ @fix 0.0 inhib  #@fix -0.000117
reading_components INFO:word in input: now      one w. highest act: now
simulate_experiment INFO:CYCLE 12    activ @fix 0.0 inhib  #@fix -0.0001
simulate_experiment INFO:Fixation duration: 260 ms.
simulate_experiment INFO:['there' None 'now' 'rumblings' None None None None None None None None
 None None None None None None None None None None None None None None
 None None None None None None None None None None None None None None
 None None None None None None None None None None None None None None
 None None None]
simulate_experiment INFO:att pos right before computing next eye position: 1
reading_components INFO:saccade distance: -5
reading_components INFO:saccade error: [0.82760771]
reading_components INFO:next eye position: 1
simulate_experiment INFO:<-<-<-<-<-<-<-<-<-<-<-<-
simulate_experiment INFO:---Fixation 2 at position 2---
simulate_experiment INFO:Stimulus: are now rumblings that apple
Eye position: 5
simulate_experiment INFO:fix on: now  attent. width: 4.0
simulate_experiment INFO:   fixwrd freq. 6.44
simulate_experiment INFO:  input to fixwrd at first cycle: 0.263
simulate_experiment INFO:CYCLE 0    activ @fix 0.262 inhib  #@fix -0.000857
simulate_experiment INFO:CYCLE 1    activ @fix 0.429 inhib  #@fix -0.001124
simulate_experiment INFO:CYCLE 2    activ @fix 0.536 inhib  #@fix -0.001354
reading_components INFO:word in input: are      one w. highest act: now
simulate_experiment INFO:CYCLE 3    activ @fix 0.262 inhib  #@fix -0.001538
simulate_experiment INFO:CYCLE 4    activ @fix 0.429 inhib  #@fix -0.00169
simulate_experiment INFO:CYCLE 5    activ @fix 0.535 inhib  #@fix -0.001813
simulate_experiment INFO:CYCLE 6    activ @fix 0.603 inhib  #@fix -0.001914
reading_helper_functions INFO:Calculating visual input for next attention position...
reading_helper_functions INFO:Word position: 0
reading_helper_functions INFO:att width: 4.0, salience: 1.0, att position: 9, att skew: 3, 
reading_helper_functions INFO:Word position: 1
reading_helper_functions INFO:att width: 4.0, salience: 1.0, att position: 9, att skew: 3, 
reading_helper_functions INFO:    word visual input: 0.21988987717955694
reading_helper_functions INFO:Word position: 2
reading_helper_functions INFO:att width: 4.0, salience: 1.0, att position: 9, att skew: 3, 
reading_helper_functions INFO:    word visual input: 3.2916727491778595
reading_helper_functions INFO:Word position: 3
reading_helper_functions INFO:att width: 4.0, salience: 1.0, att position: 9, att skew: 3, 
reading_helper_functions INFO:    word visual input: 0.8393499049408724
reading_helper_functions INFO:Word position: 4
reading_helper_functions INFO:att width: 4.0, salience: 1.0, att position: 9, att skew: 3, 
reading_helper_functions INFO:    word visual input: 1.0008916145584987
reading_components INFO:next fixation: 1
simulate_experiment INFO:attentpos 12
simulate_experiment INFO:  input after attentshift: 0.125
simulate_experiment INFO:CYCLE 7    activ @fix 0.592 inhib  #@fix -0.001628
simulate_experiment INFO:CYCLE 8    activ @fix 0.583 inhib  #@fix -0.001518
simulate_experiment INFO:CYCLE 9    activ @fix 0.576 inhib  #@fix -0.001429
simulate_experiment INFO:CYCLE 10    activ @fix 0.571 inhib  #@fix -0.001358
simulate_experiment INFO:Fixation duration: 220 ms.
simulate_experiment INFO:['there' 'now' 'now' 'rumblings' None None None None None None None None
 None None None None None None None None None None None None None None
 None None None None None None None None None None None None None None
 None None None None None None None None None None None None None None
 None None None]
simulate_experiment INFO:att pos right before computing next eye position: 12
reading_components INFO:saccade distance: 7
reading_components INFO:saccade error: [1.01369485]
reading_components INFO:next eye position: 14
simulate_experiment INFO:>->->->->->->->->->->->-
simulate_experiment INFO:---Fixation 3 at position 3---
simulate_experiment INFO:Stimulus: now rumblings that apple might
Eye position: 10
simulate_experiment INFO:fix on: rumblings  attent. width: 4.5
simulate_experiment INFO:   fixwrd freq. 2.7
simulate_experiment INFO:  input to fixwrd at first cycle: 0.127
simulate_experiment INFO:CYCLE 0    activ @fix 0.431 inhib  #@fix -0.00031
reading_components INFO:word in input: that      one w. highest act: snow
simulate_experiment INFO:CYCLE 1    activ @fix 0.46 inhib  #@fix -0.000366
simulate_experiment INFO:CYCLE 2    activ @fix 0.482 inhib  #@fix -0.00042
simulate_experiment INFO:CYCLE 3    activ @fix 0.499 inhib  #@fix -0.000469
simulate_experiment INFO:CYCLE 4    activ @fix 0.513 inhib  #@fix -0.000514
reading_helper_functions INFO:Calculating visual input for next attention position...
reading_helper_functions INFO:Word position: 0
reading_helper_functions INFO:att width: 4.5, salience: 1.0, att position: 14, att skew: 3, 
reading_helper_functions INFO:Word position: 1
reading_helper_functions INFO:att width: 4.5, salience: 1.0, att position: 14, att skew: 3, 
reading_helper_functions INFO:    word visual input: 0.521432794165289
reading_helper_functions INFO:Word position: 2
reading_helper_functions INFO:att width: 4.5, salience: 1.0, att position: 14, att skew: 3, 
reading_helper_functions INFO:    word visual input: 1.6182896831313698
reading_helper_functions INFO:Word position: 3
reading_helper_functions INFO:att width: 4.5, salience: 1.0, att position: 14, att skew: 3, 
reading_helper_functions INFO:    word visual input: 1.3533363163548993
reading_helper_functions INFO:Word position: 4
reading_helper_functions INFO:att width: 4.5, salience: 1.0, att position: 14, att skew: 3, 
reading_helper_functions INFO:    word visual input: 1.0235903021315325
reading_components INFO:next fixation: 1
simulate_experiment INFO:attentpos 15
simulate_experiment INFO:  input after attentshift: 0.081
simulate_experiment INFO:CYCLE 5    activ @fix 0.501 inhib  #@fix -0.000482
simulate_experiment INFO:CYCLE 6    activ @fix 0.491 inhib  #@fix -0.000464
simulate_experiment INFO:CYCLE 7    activ @fix 0.483 inhib  #@fix -0.000449
simulate_experiment INFO:CYCLE 8    activ @fix 0.477 inhib  #@fix -0.000436
simulate_experiment INFO:Fixation duration: 180 ms.
simulate_experiment INFO:['there' 'now' 'now' 'rumblings' 'snow' None None None None None None None
 None None None None None None None None None None None None None None
 None None None None None None None None None None None None None None
 None None None None None None None None None None None None None None
 None None None]
simulate_experiment INFO:att pos right before computing next eye position: 15
reading_components INFO:saccade distance: 5
reading_components INFO:saccade error: [-0.07757197]
reading_components INFO:next eye position: 15
simulate_experiment INFO:>->->->->->->->->->->->-
simulate_experiment INFO:---Fixation 4 at position 4---
simulate_experiment INFO:Stimulus: rumblings that apple might soon
Eye position: 11
simulate_experiment INFO:fix on: that  attent. width: 5.0
simulate_experiment INFO:   fixwrd freq. 7.19
simulate_experiment INFO:  input to fixwrd at first cycle: 0.183
simulate_experiment INFO:CYCLE 0    activ @fix 0.273 inhib  #@fix -0.00051
reading_helper_functions INFO:Calculating visual input for next attention position...
reading_helper_functions INFO:Word position: 0
reading_helper_functions INFO:att width: 5.0, salience: 1.0, att position: 16, att skew: 3, 
reading_helper_functions INFO:Word position: 1
reading_helper_functions INFO:att width: 5.0, salience: 1.0, att position: 16, att skew: 3, 
reading_helper_functions INFO:    word visual input: 0.45080669238354976
reading_helper_functions INFO:Word position: 2
reading_helper_functions INFO:att width: 5.0, salience: 1.0, att position: 16, att skew: 3, 
reading_helper_functions INFO:    word visual input: 1.9147710885031872
reading_helper_functions INFO:Word position: 3
reading_helper_functions INFO:att width: 5.0, salience: 1.0, att position: 16, att skew: 3, 
reading_helper_functions INFO:    word visual input: 1.3889060028121627
reading_helper_functions INFO:Word position: 4
reading_helper_functions INFO:att width: 5.0, salience: 1.0, att position: 16, att skew: 3, 
reading_helper_functions INFO:    word visual input: 0.839788985954498
reading_components INFO:next fixation: 1
simulate_experiment INFO:attentpos 17
simulate_experiment INFO:  input after attentshift: 0.096
simulate_experiment INFO:CYCLE 1    activ @fix 0.315 inhib  #@fix -0.000595
simulate_experiment INFO:CYCLE 2    activ @fix 0.349 inhib  #@fix -0.000674
simulate_experiment INFO:CYCLE 3    activ @fix 0.376 inhib  #@fix -0.000747
simulate_experiment INFO:CYCLE 4    activ @fix 0.398 inhib  #@fix -0.000811
simulate_experiment INFO:Fixation duration: 100 ms.
simulate_experiment INFO:['there' 'now' 'now' 'rumblings' 'snow' None None None None None None None
 None None None None None None None None None None None None None None
 None None None None None None None None None None None None None None
 None None None None None None None None None None None None None None
 None None None]
simulate_experiment INFO:att pos right before computing next eye position: 17
reading_components INFO:saccade distance: 6
reading_components INFO:saccade error: [-0.75230886]
reading_components INFO:next eye position: 17
simulate_experiment INFO:>->->->->->->->->->->->-
simulate_experiment INFO:---Fixation 5 at position 5---
simulate_experiment INFO:Stimulus: that apple might soon invade
Eye position: 7
simulate_experiment INFO:fix on: apple  attent. width: 5.0
simulate_experiment INFO:   fixwrd freq. 4.58
simulate_experiment INFO:  input to fixwrd at first cycle: 0.148
simulate_experiment INFO:CYCLE 0    activ @fix 0.434 inhib  #@fix -0.000362
simulate_experiment INFO:CYCLE 1    activ @fix 0.474 inhib  #@fix -0.000426
simulate_experiment INFO:CYCLE 2    activ @fix 0.504 inhib  #@fix -0.000485
reading_components INFO:word in input: apple      one w. highest act: apple
simulate_experiment INFO:CYCLE 3    activ @fix 0.0 inhib  #@fix -0.000383
simulate_experiment INFO:CYCLE 4    activ @fix 0.0 inhib  #@fix -0.000323
simulate_experiment INFO:CYCLE 5    activ @fix 0.0 inhib  #@fix -0.000275
simulate_experiment INFO:CYCLE 6    activ @fix 0.0 inhib  #@fix -0.000235
simulate_experiment INFO:CYCLE 7    activ @fix 0.0 inhib  #@fix -0.000202
reading_helper_functions INFO:Calculating visual input for next attention position...
reading_helper_functions INFO:Word position: 0
reading_helper_functions INFO:att width: 5.0, salience: 1.0, att position: 12, att skew: 3, 
reading_helper_functions INFO:Word position: 1
reading_helper_functions INFO:att width: 5.0, salience: 1.0, att position: 12, att skew: 3, 
reading_helper_functions INFO:    word visual input: 0.45080669238354976
reading_helper_functions INFO:Word position: 2
reading_helper_functions INFO:att width: 5.0, salience: 1.0, att position: 12, att skew: 3, 
reading_helper_functions INFO:    word visual input: 1.9147710885031872
reading_helper_functions INFO:Word position: 3
reading_helper_functions INFO:att width: 5.0, salience: 1.0, att position: 12, att skew: 3, 
reading_helper_functions INFO:    word visual input: 1.1493262629954397
reading_helper_functions INFO:Word position: 4
reading_helper_functions INFO:att width: 5.0, salience: 1.0, att position: 12, att skew: 3, 
reading_helper_functions INFO:    word visual input: 1.269077841909469
reading_components INFO:next fixation: 1
simulate_experiment INFO:attentpos 13
simulate_experiment INFO:  input after attentshift: 0.0
simulate_experiment INFO:CYCLE 8    activ @fix 0.0 inhib  #@fix -0.000178
simulate_experiment INFO:CYCLE 9    activ @fix 0.0 inhib  #@fix -0.000157
simulate_experiment INFO:CYCLE 10    activ @fix 0.0 inhib  #@fix -0.00014
simulate_experiment INFO:CYCLE 11    activ @fix 0.082 inhib  #@fix -0.000171
simulate_experiment INFO:Fixation duration: 240 ms.
simulate_experiment INFO:['there' 'now' 'now' 'rumblings' 'snow' 'apple' None None None None None
 None None None None None None None None None None None None None None
 None None None None None None None None None None None None None None
 None None None None None None None None None None None None None None
 None None None None]
simulate_experiment INFO:att pos right before computing next eye position: 13
reading_components INFO:saccade distance: 6
reading_components INFO:saccade error: [-0.62580988]
reading_components INFO:next eye position: 13
simulate_experiment INFO:>->->->->->->->->->->->-
simulate_experiment INFO:---Fixation 6 at position 6---
simulate_experiment INFO:Stimulus: apple might soon invade the
Eye position: 8
simulate_experiment INFO:fix on: might  attent. width: 5.0
simulate_experiment INFO:   fixwrd freq. 5.8
simulate_experiment INFO:  input to fixwrd at first cycle: 0.187
simulate_experiment INFO:CYCLE 0    activ @fix 0.539 inhib  #@fix -0.000944
reading_components INFO:word in input: might      one w. highest act: might
simulate_experiment INFO:CYCLE 1    activ @fix 0.0 inhib  #@fix -0.00072
simulate_experiment INFO:CYCLE 2    activ @fix 0.0 inhib  #@fix -0.00061
simulate_experiment INFO:CYCLE 3    activ @fix 0.0 inhib  #@fix -0.000519
simulate_experiment INFO:CYCLE 4    activ @fix 0.0 inhib  #@fix -0.000445
simulate_experiment INFO:CYCLE 5    activ @fix 0.0 inhib  #@fix -0.000385
reading_helper_functions INFO:Calculating visual input for next attention position...
reading_helper_functions INFO:Word position: 0
reading_helper_functions INFO:att width: 5.0, salience: 1.0, att position: 13, att skew: 3, 
reading_helper_functions INFO:Word position: 1
reading_helper_functions INFO:att width: 5.0, salience: 1.0, att position: 13, att skew: 3, 
reading_helper_functions INFO:    word visual input: 0.45080669238354976
reading_helper_functions INFO:Word position: 2
reading_helper_functions INFO:att width: 5.0, salience: 1.0, att position: 13, att skew: 3, 
reading_helper_functions INFO:    word visual input: 1.5477170462209329
reading_helper_functions INFO:Word position: 3
reading_helper_functions INFO:att width: 5.0, salience: 1.0, att position: 13, att skew: 3, 
reading_helper_functions INFO:    word visual input: 1.734135810226901
reading_helper_functions INFO:Word position: 4
reading_helper_functions INFO:att width: 5.0, salience: 1.0, att position: 13, att skew: 3, 
reading_helper_functions INFO:    word visual input: 0.635820767005624
reading_components INFO:next fixation: 2
simulate_experiment INFO:attentpos 19
simulate_experiment INFO:  input after attentshift: 0.0
simulate_experiment INFO:CYCLE 6    activ @fix 0.0 inhib  #@fix -0.000334
simulate_experiment INFO:CYCLE 7    activ @fix 0.0 inhib  #@fix -0.000292
simulate_experiment INFO:CYCLE 8    activ @fix 0.0 inhib  #@fix -0.000258
simulate_experiment INFO:CYCLE 9    activ @fix 0.102 inhib  #@fix -0.000333
simulate_experiment INFO:Fixation duration: 200 ms.
simulate_experiment INFO:['there' 'now' 'now' 'rumblings' 'snow' 'apple' 'might' None None None
 None None None None None None None None None None None None None None
 None None None None None None None None None None None None None None
 None None None None None None None None None None None None None None
 None None None None None]
simulate_experiment INFO:att pos right before computing next eye position: 19
reading_components INFO:saccade distance: 11
reading_components INFO:saccade error: [-0.5276744]
reading_components INFO:next eye position: 19
simulate_experiment INFO:>>>>>>>>>>>>>>>>>>>>>>>>
simulate_experiment INFO:---Fixation 7 at position 8---
simulate_experiment INFO:Stimulus: soon invade the smart watch
Eye position: 7
simulate_experiment INFO:fix on: invade  attent. width: 5.0
simulate_experiment INFO:   fixwrd freq. 3.48
simulate_experiment INFO:  input to fixwrd at first cycle: 0.168
simulate_experiment INFO:CYCLE 0    activ @fix 0.419 inhib  #@fix -0.000318
simulate_experiment INFO:CYCLE 1    activ @fix 0.475 inhib  #@fix -0.000384
simulate_experiment INFO:CYCLE 2    activ @fix 0.515 inhib  #@fix -0.000445
reading_components INFO:word in input: invade      one w. highest act: invade
simulate_experiment INFO:CYCLE 3    activ @fix 0.0 inhib  #@fix -0.000372
simulate_experiment INFO:CYCLE 4    activ @fix 0.0 inhib  #@fix -0.000326
reading_components INFO:next fixation: -1
simulate_experiment INFO:attentpos 1
simulate_experiment INFO:  input after attentshift: 0.0
simulate_experiment INFO:CYCLE 5    activ @fix 0.0 inhib  #@fix -0.000292
simulate_experiment INFO:CYCLE 6    activ @fix 0.0 inhib  #@fix -0.000263
simulate_experiment INFO:CYCLE 7    activ @fix 0.0 inhib  #@fix -0.00024
simulate_experiment INFO:CYCLE 8    activ @fix 0.0 inhib  #@fix -0.000221
simulate_experiment INFO:Fixation duration: 180 ms.
simulate_experiment INFO:['there' 'now' 'now' 'rumblings' 'snow' 'apple' 'might' None 'invade' None
 None None None None None None None None None None None None None None
 None None None None None None None None None None None None None None
 None None None None None None None None None None None None None None
 None None None None None]
simulate_experiment INFO:att pos right before computing next eye position: 1
reading_components INFO:saccade distance: -6
reading_components INFO:saccade error: [0.14504764]
reading_components INFO:next eye position: 1
simulate_experiment INFO:<-<-<-<-<-<-<-<-<-<-<-<-
simulate_experiment INFO:---Fixation 8 at position 7---
simulate_experiment INFO:Stimulus: might soon invade the smart
Eye position: 7
simulate_experiment INFO:fix on: soon  attent. width: 4.0
simulate_experiment INFO:   fixwrd freq. 5.3
simulate_experiment INFO:  input to fixwrd at first cycle: 0.156
simulate_experiment INFO:CYCLE 0    activ @fix 0.451 inhib  #@fix -0.000918
simulate_experiment INFO:CYCLE 1    activ @fix 0.491 inhib  #@fix -0.001096
simulate_experiment INFO:CYCLE 2    activ @fix 0.521 inhib  #@fix -0.001254
reading_components INFO:word in input: soon      one w. highest act: soon
simulate_experiment INFO:CYCLE 3    activ @fix 0.0 inhib  #@fix -0.000964
reading_helper_functions INFO:Calculating visual input for next attention position...
reading_helper_functions INFO:Word position: 0
reading_helper_functions INFO:att width: 4.0, salience: 1.0, att position: 11, att skew: 3, 
reading_helper_functions INFO:Word position: 1
reading_helper_functions INFO:att width: 4.0, salience: 1.0, att position: 11, att skew: 3, 
reading_helper_functions INFO:    word visual input: 0.5010529940191444
reading_helper_functions INFO:Word position: 2
reading_helper_functions INFO:att width: 4.0, salience: 1.0, att position: 11, att skew: 3, 
reading_helper_functions INFO:    word visual input: 2.3677334401335486
reading_helper_functions INFO:Word position: 3
reading_helper_functions INFO:att width: 4.0, salience: 1.0, att position: 11, att skew: 3, 
reading_helper_functions INFO:    word visual input: 0.7077899896961819
reading_helper_functions INFO:Word position: 4
reading_helper_functions INFO:att width: 4.0, salience: 1.0, att position: 11, att skew: 3, 
reading_helper_functions INFO:    word visual input: 1.0105151410194964
reading_components INFO:next fixation: 1
simulate_experiment INFO:attentpos 13
simulate_experiment INFO:  input after attentshift: 0.0
simulate_experiment INFO:CYCLE 4    activ @fix 0.0 inhib  #@fix -0.00082
simulate_experiment INFO:CYCLE 5    activ @fix 0.0 inhib  #@fix -0.000701
simulate_experiment INFO:CYCLE 6    activ @fix 0.0 inhib  #@fix -0.000604
simulate_experiment INFO:CYCLE 7    activ @fix 0.0 inhib  #@fix -0.000524
simulate_experiment INFO:Fixation duration: 160 ms.
simulate_experiment INFO:['there' 'now' 'now' 'rumblings' 'snow' 'apple' 'might' 'soon' 'invade'
 None None None None None None None None None None None None None None
 None None None None None None None None None None None None None None
 None None None None None None None None None None None None None None
 None None None None None None]
simulate_experiment INFO:att pos right before computing next eye position: 13
reading_components INFO:saccade distance: 6
reading_components INFO:saccade error: [-0.20729022]
reading_components INFO:next eye position: 13
simulate_experiment INFO:>->->->->->->->->->->->-
simulate_experiment INFO:---Fixation 9 at position 8---
simulate_experiment INFO:Stimulus: soon invade the smart watch
Eye position: 7
simulate_experiment INFO:fix on: invade  attent. width: 4.5
simulate_experiment INFO:   fixwrd freq. 3.48
simulate_experiment INFO:  input to fixwrd at first cycle: 0.172
simulate_experiment INFO:CYCLE 0    activ @fix 0.462 inhib  #@fix -0.000414
simulate_experiment INFO:CYCLE 1    activ @fix 0.508 inhib  #@fix -0.000475
simulate_experiment INFO:CYCLE 2    activ @fix 0.542 inhib  #@fix -0.00053
simulate_experiment INFO:CYCLE 3    activ @fix 0.567 inhib  #@fix -0.000579
simulate_experiment INFO:CYCLE 4    activ @fix 0.584 inhib  #@fix -0.000622
simulate_experiment INFO:CYCLE 5    activ @fix 0.597 inhib  #@fix -0.000659
reading_components INFO:word in input: the      one w. highest act: the
reading_helper_functions INFO:Calculating visual input for next attention position...
reading_helper_functions INFO:Word position: 0
reading_helper_functions INFO:att width: 4.5, salience: 1.0, att position: 11, att skew: 3, 
reading_helper_functions INFO:Word position: 1
reading_helper_functions INFO:att width: 4.5, salience: 1.0, att position: 11, att skew: 3, 
reading_helper_functions INFO:    word visual input: 0.899374439257913
reading_helper_functions INFO:Word position: 2
reading_helper_functions INFO:att width: 4.5, salience: 1.0, att position: 11, att skew: 3, 
reading_helper_functions INFO:    word visual input: 1.1960674609091475
reading_helper_functions INFO:Word position: 3
reading_helper_functions INFO:att width: 4.5, salience: 1.0, att position: 11, att skew: 3, 
reading_helper_functions INFO:    word visual input: 1.3533363163548993
reading_helper_functions INFO:Word position: 4
reading_helper_functions INFO:att width: 4.5, salience: 1.0, att position: 11, att skew: 3, 
reading_helper_functions INFO:    word visual input: 1.0235903021315325
reading_components INFO:next fixation: 2
simulate_experiment INFO:attentpos 18
simulate_experiment INFO:  input after attentshift: 0.084
simulate_experiment INFO:CYCLE 6    activ @fix 0.571 inhib  #@fix -0.000585
simulate_experiment INFO:CYCLE 7    activ @fix 0.55 inhib  #@fix -0.000542
simulate_experiment INFO:CYCLE 8    activ @fix 0.532 inhib  #@fix -0.000505
simulate_experiment INFO:CYCLE 9    activ @fix 0.518 inhib  #@fix -0.000475
simulate_experiment INFO:Fixation duration: 200 ms.
simulate_experiment INFO:['there' 'now' 'now' 'rumblings' 'snow' 'apple' 'might' 'soon' 'invade'
 'the' None None None None None None None None None None None None None
 None None None None None None None None None None None None None None
 None None None None None None None None None None None None None None
 None None None None None None]
simulate_experiment INFO:att pos right before computing next eye position: 18
reading_components INFO:saccade distance: 11
reading_components INFO:saccade error: [-0.77563742]
reading_components INFO:next eye position: 18
simulate_experiment INFO:>>>>>>>>>>>>>>>>>>>>>>>>
simulate_experiment INFO:---Fixation 10 at position 10---
simulate_experiment INFO:Stimulus: the smart watch space though
Eye position: 6
simulate_experiment INFO:fix on: smart  attent. width: 5.0
simulate_experiment INFO:   fixwrd freq. 4.49
simulate_experiment INFO:  input to fixwrd at first cycle: 0.182
simulate_experiment INFO:CYCLE 0    activ @fix 0.438 inhib  #@fix -0.00095
simulate_experiment INFO:CYCLE 1    activ @fix 0.496 inhib  #@fix -0.001163
simulate_experiment INFO:CYCLE 2    activ @fix 0.538 inhib  #@fix -0.001358
reading_components INFO:word in input: smart      one w. highest act: smart
simulate_experiment INFO:CYCLE 3    activ @fix 0.0 inhib  #@fix -0.001073
reading_helper_functions INFO:Calculating visual input for next attention position...
reading_helper_functions INFO:Word position: 0
reading_helper_functions INFO:att width: 5.0, salience: 1.0, att position: 11, att skew: 3, 
reading_helper_functions INFO:Word position: 1
reading_helper_functions INFO:att width: 5.0, salience: 1.0, att position: 11, att skew: 3, 
reading_helper_functions INFO:    word visual input: 0.45080669238354976
reading_helper_functions INFO:Word position: 2
reading_helper_functions INFO:att width: 5.0, salience: 1.0, att position: 11, att skew: 3, 
reading_helper_functions INFO:    word visual input: 1.9147710885031872
reading_helper_functions INFO:Word position: 3
reading_helper_functions INFO:att width: 5.0, salience: 1.0, att position: 11, att skew: 3, 
reading_helper_functions INFO:    word visual input: 1.3889060028121627
reading_helper_functions INFO:Word position: 4
reading_helper_functions INFO:att width: 5.0, salience: 1.0, att position: 11, att skew: 3, 
reading_helper_functions INFO:    word visual input: 1.2432059898411478
reading_components INFO:next fixation: 1
simulate_experiment INFO:attentpos 12
simulate_experiment INFO:  input after attentshift: 0.0
simulate_experiment INFO:CYCLE 4    activ @fix 0.0 inhib  #@fix -0.000929
simulate_experiment INFO:CYCLE 5    activ @fix 0.0 inhib  #@fix -0.00081
simulate_experiment INFO:CYCLE 6    activ @fix 0.0 inhib  #@fix -0.000712
simulate_experiment INFO:CYCLE 7    activ @fix 0.0 inhib  #@fix -0.000632
simulate_experiment INFO:Fixation duration: 160 ms.
simulate_experiment INFO:['there' 'now' 'now' 'rumblings' 'snow' 'apple' 'might' 'soon' 'invade'
 'the' 'smart' None None None None None None None None None None None None
 None None None None None None None None None None None None None None
 None None None None None None None None None None None None None None
 None None None None None None]
simulate_experiment INFO:att pos right before computing next eye position: 12
reading_components INFO:saccade distance: 6
reading_components INFO:saccade error: [-1.00863703]
reading_components INFO:next eye position: 11
simulate_experiment INFO:>->->->->->->->->->->->-
simulate_experiment INFO:---Fixation 11 at position 11---
simulate_experiment INFO:Stimulus: smart watch space though the
Eye position: 7
simulate_experiment INFO:fix on: watch  attent. width: 5.0
simulate_experiment INFO:   fixwrd freq. 5.3
simulate_experiment INFO:  input to fixwrd at first cycle: 0.189
simulate_experiment INFO:CYCLE 0    activ @fix 0.518 inhib  #@fix -0.000819
reading_components INFO:word in input: watch      one w. highest act: watch
simulate_experiment INFO:CYCLE 1    activ @fix 0.0 inhib  #@fix -0.000655
simulate_experiment INFO:CYCLE 2    activ @fix 0.0 inhib  #@fix -0.00057
simulate_experiment INFO:CYCLE 3    activ @fix 0.0 inhib  #@fix -0.000501
simulate_experiment INFO:CYCLE 4    activ @fix 0.0 inhib  #@fix -0.000444
reading_helper_functions INFO:Calculating visual input for next attention position...
reading_helper_functions INFO:Word position: 0
reading_helper_functions INFO:att width: 5.0, salience: 1.0, att position: 12, att skew: 3, 
reading_helper_functions INFO:Word position: 1
reading_helper_functions INFO:att width: 5.0, salience: 1.0, att position: 12, att skew: 3, 
reading_helper_functions INFO:    word visual input: 0.7481571435755441
reading_helper_functions INFO:Word position: 2
reading_helper_functions INFO:att width: 5.0, salience: 1.0, att position: 12, att skew: 3, 
reading_helper_functions INFO:    word visual input: 1.8929468536356708
reading_helper_functions INFO:Word position: 3
reading_helper_functions INFO:att width: 5.0, salience: 1.0, att position: 12, att skew: 3, 
reading_helper_functions INFO:    word visual input: 1.512451251008836
reading_helper_functions INFO:Word position: 4
reading_helper_functions INFO:att width: 5.0, salience: 1.0, att position: 12, att skew: 3, 
reading_helper_functions INFO:    word visual input: 0.6129995092034425
reading_components INFO:next fixation: 1
simulate_experiment INFO:attentpos 14
simulate_experiment INFO:  input after attentshift: 0.0
simulate_experiment INFO:CYCLE 5    activ @fix 0.0 inhib  #@fix -0.000402
simulate_experiment INFO:CYCLE 6    activ @fix 0.0 inhib  #@fix -0.000367
simulate_experiment INFO:CYCLE 7    activ @fix 0.0 inhib  #@fix -0.000338
simulate_experiment INFO:CYCLE 8    activ @fix 0.0 inhib  #@fix -0.000314
simulate_experiment INFO:Fixation duration: 180 ms.
simulate_experiment INFO:['there' 'now' 'now' 'rumblings' 'snow' 'apple' 'might' 'soon' 'invade'
 'the' 'smart' 'watch' None None None None None None None None None None
 None None None None None None None None None None None None None None
 None None None None None None None None None None None None None None
 None None None None None None None]
simulate_experiment INFO:att pos right before computing next eye position: 14
reading_components INFO:saccade distance: 7
reading_components INFO:saccade error: [0.81377002]
reading_components INFO:next eye position: 15
simulate_experiment INFO:>->->->->->->->->->->->-
simulate_experiment INFO:---Fixation 12 at position 12---
simulate_experiment INFO:Stimulus: watch space though the company
Eye position: 9
simulate_experiment INFO:fix on: space  attent. width: 5.0
simulate_experiment INFO:   fixwrd freq. 5.29
simulate_experiment INFO:  input to fixwrd at first cycle: 0.17
simulate_experiment INFO:CYCLE 0    activ @fix 0.49 inhib  #@fix -0.001058
simulate_experiment INFO:CYCLE 1    activ @fix 0.527 inhib  #@fix -0.001245
reading_components INFO:word in input: space      one w. highest act: space
simulate_experiment INFO:CYCLE 2    activ @fix 0.0 inhib  #@fix -0.00098
reading_helper_functions INFO:Calculating visual input for next attention position...
reading_helper_functions INFO:Word position: 0
reading_helper_functions INFO:att width: 5.0, salience: 1.0, att position: 14, att skew: 3, 
reading_helper_functions INFO:Word position: 1
reading_helper_functions INFO:att width: 5.0, salience: 1.0, att position: 14, att skew: 3, 
reading_helper_functions INFO:    word visual input: 0.21122695256682678
reading_helper_functions INFO:Word position: 2
reading_helper_functions INFO:att width: 5.0, salience: 1.0, att position: 14, att skew: 3, 
reading_helper_functions INFO:    word visual input: 2.2121215396951817
reading_helper_functions INFO:Word position: 3
reading_helper_functions INFO:att width: 5.0, salience: 1.0, att position: 14, att skew: 3, 
reading_helper_functions INFO:    word visual input: 0.8937188029048009
reading_helper_functions INFO:Word position: 4
reading_helper_functions INFO:att width: 5.0, salience: 1.0, att position: 14, att skew: 3, 
reading_helper_functions INFO:    word visual input: 1.508657581726192
reading_components INFO:next fixation: 1
simulate_experiment INFO:attentpos 14
simulate_experiment INFO:  input after attentshift: 0.0
simulate_experiment INFO:CYCLE 3    activ @fix 0.0 inhib  #@fix -0.000835
simulate_experiment INFO:CYCLE 4    activ @fix 0.0 inhib  #@fix -0.000717
simulate_experiment INFO:CYCLE 5    activ @fix 0.0 inhib  #@fix -0.00062
simulate_experiment INFO:CYCLE 6    activ @fix 0.0 inhib  #@fix -0.000541
simulate_experiment INFO:Fixation duration: 140 ms.
simulate_experiment INFO:['there' 'now' 'now' 'rumblings' 'snow' 'apple' 'might' 'soon' 'invade'
 'the' 'smart' 'watch' 'space' None None None None None None None None
 None None None None None None None None None None None None None None
 None None None None None None None None None None None None None None
 None None None None None None None None]
simulate_experiment INFO:att pos right before computing next eye position: 14
reading_components INFO:saccade distance: 5
reading_components INFO:saccade error: [0.26218852]
reading_components INFO:next eye position: 15
simulate_experiment INFO:>->->->->->->->->->->->-
simulate_experiment INFO:---Fixation 13 at position 13---
simulate_experiment INFO:Stimulus: space though the company is
Eye position: 9
simulate_experiment INFO:fix on: though  attent. width: 5.0
simulate_experiment INFO:   fixwrd freq. 5.43
simulate_experiment INFO:  input to fixwrd at first cycle: 0.17
simulate_experiment INFO:CYCLE 0    activ @fix 0.515 inhib  #@fix -0.001065
reading_components INFO:word in input: though      one w. highest act: though
reading_helper_functions INFO:Calculating visual input for next attention position...
reading_helper_functions INFO:Word position: 0
reading_helper_functions INFO:att width: 5.0, salience: 1.0, att position: 14, att skew: 3, 
reading_helper_functions INFO:Word position: 1
reading_helper_functions INFO:att width: 5.0, salience: 1.0, att position: 14, att skew: 3, 
reading_helper_functions INFO:    word visual input: 0.45080669238354976
reading_helper_functions INFO:Word position: 2
reading_helper_functions INFO:att width: 5.0, salience: 1.0, att position: 14, att skew: 3, 
reading_helper_functions INFO:    word visual input: 1.1630937769436056
reading_helper_functions INFO:Word position: 3
reading_helper_functions INFO:att width: 5.0, salience: 1.0, att position: 14, att skew: 3, 
reading_helper_functions INFO:    word visual input: 2.1011898525091555
reading_helper_functions INFO:Word position: 4
reading_helper_functions INFO:att width: 5.0, salience: 1.0, att position: 14, att skew: 3, 
reading_helper_functions INFO:    word visual input: 0.42901127605870404
reading_components INFO:next fixation: 2
simulate_experiment INFO:attentpos 20
simulate_experiment INFO:  input after attentshift: 0.0
simulate_experiment INFO:CYCLE 1    activ @fix 0.0 inhib  #@fix -0.00079
simulate_experiment INFO:CYCLE 2    activ @fix 0.0 inhib  #@fix -0.000659
simulate_experiment INFO:CYCLE 3    activ @fix 0.0 inhib  #@fix -0.000553
simulate_experiment INFO:CYCLE 4    activ @fix 0.0 inhib  #@fix -0.000466
simulate_experiment INFO:Fixation duration: 100 ms.
simulate_experiment INFO:['there' 'now' 'now' 'rumblings' 'snow' 'apple' 'might' 'soon' 'invade'
 'the' 'smart' 'watch' 'space' 'though' None None None None None None None
 None None None None None None None None None None None None None None
 None None None None None None None None None None None None None None
 None None None None None None None None]
simulate_experiment INFO:att pos right before computing next eye position: 20
reading_components INFO:saccade distance: 11
reading_components INFO:saccade error: [-0.56902091]
reading_components INFO:next eye position: 20
simulate_experiment INFO:>>>>>>>>>>>>>>>>>>>>>>>>
simulate_experiment INFO:---Fixation 14 at position 15---
simulate_experiment INFO:Stimulus: the company is maintaining its
Eye position: 7
simulate_experiment INFO:fix on: company  attent. width: 5.0
simulate_experiment INFO:   fixwrd freq. 5.23
simulate_experiment INFO:  input to fixwrd at first cycle: 0.159
simulate_experiment INFO:CYCLE 0    activ @fix 0.384 inhib  #@fix -0.000327
simulate_experiment INFO:CYCLE 1    activ @fix 0.443 inhib  #@fix -0.000417
simulate_experiment INFO:CYCLE 2    activ @fix 0.487 inhib  #@fix -0.000501
simulate_experiment INFO:CYCLE 3    activ @fix 0.52 inhib  #@fix -0.000577
reading_components INFO:word in input: company      one w. highest act: company
reading_components INFO:next fixation: -1
simulate_experiment INFO:attentpos 1
simulate_experiment INFO:  input after attentshift: 0.0
simulate_experiment INFO:CYCLE 4    activ @fix 0.0 inhib  #@fix -0.000465
simulate_experiment INFO:CYCLE 5    activ @fix 0.0 inhib  #@fix -0.000404
simulate_experiment INFO:CYCLE 6    activ @fix 0.0 inhib  #@fix -0.000354
simulate_experiment INFO:CYCLE 7    activ @fix 0.0 inhib  #@fix -0.000313
reading_components INFO:word in input: the      one w. highest act: the
simulate_experiment INFO:Fixation duration: 160 ms.
simulate_experiment INFO:['there' 'now' 'now' 'rumblings' 'snow' 'apple' 'might' 'soon' 'invade'
 'the' 'smart' 'watch' 'space' 'though' 'the' 'company' None None None
 None None None None None None None None None None None None None None
 None None None None None None None None None None None None None None
 None None None None None None None None None None]
simulate_experiment INFO:att pos right before computing next eye position: 1
reading_components INFO:saccade distance: -6
reading_components INFO:saccade error: [0.25047203]
reading_components INFO:next eye position: 1
simulate_experiment INFO:<-<-<-<-<-<-<-<-<-<-<-<-
simulate_experiment INFO:---Fixation 15 at position 14---
simulate_experiment INFO:Stimulus: though the company is maintaining
Eye position: 8
simulate_experiment INFO:fix on: the  attent. width: 4.0
simulate_experiment INFO:   fixwrd freq. 7.67
simulate_experiment INFO:  input to fixwrd at first cycle: 0.268
simulate_experiment INFO:CYCLE 0    activ @fix 0.266 inhib  #@fix -0.002049
simulate_experiment INFO:CYCLE 1    activ @fix 0.434 inhib  #@fix -0.002526
simulate_experiment INFO:CYCLE 2    activ @fix 0.541 inhib  #@fix -0.002929
simulate_experiment INFO:CYCLE 3    activ @fix 0.608 inhib  #@fix -0.003262
simulate_experiment INFO:CYCLE 4    activ @fix 0.651 inhib  #@fix -0.003534
simulate_experiment INFO:CYCLE 5    activ @fix 0.678 inhib  #@fix -0.003755
reading_helper_functions INFO:Calculating visual input for next attention position...
reading_helper_functions INFO:Word position: 0
reading_helper_functions INFO:att width: 4.0, salience: 1.0, att position: 12, att skew: 3, 
reading_helper_functions INFO:Word position: 1
reading_helper_functions INFO:att width: 4.0, salience: 1.0, att position: 12, att skew: 3, 
reading_helper_functions INFO:    word visual input: 0.21988987717955694
reading_helper_functions INFO:Word position: 2
reading_helper_functions INFO:att width: 4.0, salience: 1.0, att position: 12, att skew: 3, 
reading_helper_functions INFO:    word visual input: 2.7564433406308
reading_helper_functions INFO:Word position: 3
reading_helper_functions INFO:att width: 4.0, salience: 1.0, att position: 12, att skew: 3, 
reading_helper_functions INFO:    word visual input: 0.487900112516625
reading_helper_functions INFO:Word position: 4
reading_helper_functions INFO:att width: 4.0, salience: 1.0, att position: 12, att skew: 3, 
reading_helper_functions INFO:    word visual input: 2.2216272430671546
reading_components INFO:next fixation: 1
simulate_experiment INFO:attentpos 14
simulate_experiment INFO:  input after attentshift: 0.127
simulate_experiment INFO:CYCLE 6    activ @fix 0.65 inhib  #@fix -0.00322
simulate_experiment INFO:CYCLE 7    activ @fix 0.629 inhib  #@fix -0.003017
simulate_experiment INFO:CYCLE 8    activ @fix 0.612 inhib  #@fix -0.002853
simulate_experiment INFO:CYCLE 9    activ @fix 0.599 inhib  #@fix -0.00272
simulate_experiment INFO:Fixation duration: 200 ms.
simulate_experiment INFO:['there' 'now' 'now' 'rumblings' 'snow' 'apple' 'might' 'soon' 'invade'
 'the' 'smart' 'watch' 'space' 'though' 'the' 'company' None None None
 None None None None None None None None None None None None None None
 None None None None None None None None None None None None None None
 None None None None None None None None None None]
simulate_experiment INFO:att pos right before computing next eye position: 14
reading_components INFO:saccade distance: 6
reading_components INFO:saccade error: [-0.11433634]
reading_components INFO:next eye position: 14
simulate_experiment INFO:>->->->->->->->->->->->-
simulate_experiment INFO:---Fixation 16 at position 15---
simulate_experiment INFO:Stimulus: the company is maintaining its
Eye position: 7
simulate_experiment INFO:fix on: company  attent. width: 4.5
simulate_experiment INFO:   fixwrd freq. 5.23
simulate_experiment INFO:  input to fixwrd at first cycle: 0.163
simulate_experiment INFO:CYCLE 0    activ @fix 0.487 inhib  #@fix -0.000731
simulate_experiment INFO:CYCLE 1    activ @fix 0.521 inhib  #@fix -0.000779
simulate_experiment INFO:CYCLE 2    activ @fix 0.547 inhib  #@fix -0.00082
simulate_experiment INFO:CYCLE 3    activ @fix 0.566 inhib  #@fix -0.000856
reading_helper_functions INFO:Calculating visual input for next attention position...
reading_helper_functions INFO:Word position: 0
reading_helper_functions INFO:att width: 4.5, salience: 1.0, att position: 11, att skew: 3, 
reading_helper_functions INFO:Word position: 1
reading_helper_functions INFO:att width: 4.5, salience: 1.0, att position: 11, att skew: 3, 
reading_helper_functions INFO:    word visual input: 0.899374439257913
reading_helper_functions INFO:Word position: 2
reading_helper_functions INFO:att width: 4.5, salience: 1.0, att position: 11, att skew: 3, 
reading_helper_functions INFO:    word visual input: 0.8181258158165234
reading_helper_functions INFO:Word position: 3
reading_helper_functions INFO:att width: 4.5, salience: 1.0, att position: 11, att skew: 3, 
reading_helper_functions INFO:    word visual input: 2.7445778460037173
reading_helper_functions INFO:Word position: 4
reading_helper_functions INFO:att width: 4.5, salience: 1.0, att position: 11, att skew: 3, 
reading_helper_functions INFO:    word visual input: 0.6006510479958325
reading_components INFO:next fixation: 2
simulate_experiment INFO:attentpos 20
simulate_experiment INFO:  input after attentshift: 0.092
simulate_experiment INFO:CYCLE 4    activ @fix 0.549 inhib  #@fix -0.000798
simulate_experiment INFO:CYCLE 5    activ @fix 0.535 inhib  #@fix -0.000769
simulate_experiment INFO:CYCLE 6    activ @fix 0.524 inhib  #@fix -0.000746
simulate_experiment INFO:CYCLE 7    activ @fix 0.515 inhib  #@fix -0.000726
simulate_experiment INFO:Fixation duration: 160 ms.
simulate_experiment INFO:['there' 'now' 'now' 'rumblings' 'snow' 'apple' 'might' 'soon' 'invade'
 'the' 'smart' 'watch' 'space' 'though' 'the' 'company' None None None
 None None None None None None None None None None None None None None
 None None None None None None None None None None None None None None
 None None None None None None None None None None]
simulate_experiment INFO:att pos right before computing next eye position: 20
reading_components INFO:saccade distance: 13
reading_components INFO:saccade error: [-0.39353399]
reading_components INFO:next eye position: 20
simulate_experiment INFO:>>>>>>>>>>>>>>>>>>>>>>>>
simulate_experiment INFO:---Fixation 17 at position 17---
simulate_experiment INFO:Stimulus: is maintaining its customary silence
Eye position: 8
simulate_experiment INFO:fix on: maintaining  attent. width: 5.0
simulate_experiment INFO:   fixwrd freq. 3.77
simulate_experiment INFO:  input to fixwrd at first cycle: 0.109
simulate_experiment INFO:CYCLE 0    activ @fix 0.33 inhib  #@fix -0.000483
simulate_experiment INFO:CYCLE 1    activ @fix 0.369 inhib  #@fix -0.000563
simulate_experiment INFO:CYCLE 2    activ @fix 0.401 inhib  #@fix -0.000638
simulate_experiment INFO:CYCLE 3    activ @fix 0.425 inhib  #@fix -0.000705
simulate_experiment INFO:CYCLE 4    activ @fix 0.445 inhib  #@fix -0.000765
simulate_experiment INFO:CYCLE 5    activ @fix 0.461 inhib  #@fix -0.000817
simulate_experiment INFO:CYCLE 6    activ @fix 0.473 inhib  #@fix -0.000863
simulate_experiment INFO:CYCLE 7    activ @fix 0.482 inhib  #@fix -0.000903
reading_components INFO:next fixation: -1
simulate_experiment INFO:attentpos 0
simulate_experiment INFO:  input after attentshift: 0.089
simulate_experiment INFO:CYCLE 8    activ @fix 0.48 inhib  #@fix -0.000876
simulate_experiment INFO:CYCLE 9    activ @fix 0.478 inhib  #@fix -0.000864
simulate_experiment INFO:CYCLE 10    activ @fix 0.476 inhib  #@fix -0.000854
simulate_experiment INFO:CYCLE 11    activ @fix 0.475 inhib  #@fix -0.000845
simulate_experiment INFO:Fixation duration: 240 ms.
simulate_experiment INFO:No word was recognized at fixation position
simulate_experiment INFO:Word with highest activation: maintaining
simulate_experiment INFO:['there' 'now' 'now' 'rumblings' 'snow' 'apple' 'might' 'soon' 'invade'
 'the' 'smart' 'watch' 'space' 'though' 'the' 'company' None None None
 None None None None None None None None None None None None None None
 None None None None None None None None None None None None None None
 None None None None None None None None None None]
simulate_experiment INFO:att pos right before computing next eye position: 0
reading_components INFO:saccade distance: -8
reading_components INFO:saccade error: [-0.85006318]
reading_components INFO:next eye position: -1
simulate_experiment INFO:---Fixation 18 at position 17---
simulate_experiment INFO:Stimulus: is maintaining its customary silence
Eye position: 9
simulate_experiment INFO:fix on: maintaining  attent. width: 5.0
simulate_experiment INFO:   fixwrd freq. 3.77
simulate_experiment INFO:  input to fixwrd at first cycle: 0.11
simulate_experiment INFO:CYCLE 0    activ @fix 0.485 inhib  #@fix -0.000918
simulate_experiment INFO:CYCLE 1    activ @fix 0.493 inhib  #@fix -0.000969
simulate_experiment INFO:CYCLE 2    activ @fix 0.499 inhib  #@fix -0.001013
simulate_experiment INFO:CYCLE 3    activ @fix 0.504 inhib  #@fix -0.001051
reading_components INFO:word in input: maintaining      one w. highest act: maintaining
simulate_experiment INFO:CYCLE 4    activ @fix 0.0 inhib  #@fix -0.000811
reading_components INFO:next fixation: -1
simulate_experiment INFO:attentpos 0
simulate_experiment INFO:  input after attentshift: 0.0
simulate_experiment INFO:CYCLE 5    activ @fix 0.0 inhib  #@fix -0.00068
simulate_experiment INFO:CYCLE 6    activ @fix 0.0 inhib  #@fix -0.000573
simulate_experiment INFO:CYCLE 7    activ @fix 0.0 inhib  #@fix -0.000486
simulate_experiment INFO:CYCLE 8    activ @fix 0.0 inhib  #@fix -0.000415
simulate_experiment INFO:Fixation duration: 180 ms.
simulate_experiment INFO:['there' 'now' 'now' 'rumblings' 'snow' 'apple' 'might' 'soon' 'invade'
 'the' 'smart' 'watch' 'space' 'though' 'the' 'company' None 'maintaining'
 None None None None None None None None None None None None None None
 None None None None None None None None None None None None None None
 None None None None None None None None None None None]
simulate_experiment INFO:att pos right before computing next eye position: 0
reading_components INFO:saccade distance: -9
reading_components INFO:saccade error: [-0.14517579]
reading_components INFO:next eye position: -1
simulate_experiment INFO:---Fixation 19 at position 17---
simulate_experiment INFO:Stimulus: is maintaining its customary silence
Eye position: 9
simulate_experiment INFO:fix on: maintaining  attent. width: 5.0
simulate_experiment INFO:   fixwrd freq. 3.77
simulate_experiment INFO:  input to fixwrd at first cycle: 0.11
simulate_experiment INFO:CYCLE 0    activ @fix 0.11 inhib  #@fix -0.000535
simulate_experiment INFO:CYCLE 1    activ @fix 0.197 inhib  #@fix -0.000632
simulate_experiment INFO:CYCLE 2    activ @fix 0.265 inhib  #@fix -0.000719
simulate_experiment INFO:CYCLE 3    activ @fix 0.319 inhib  #@fix -0.000797
simulate_experiment INFO:CYCLE 4    activ @fix 0.362 inhib  #@fix -0.000865
simulate_experiment INFO:CYCLE 5    activ @fix 0.396 inhib  #@fix -0.000924
reading_components INFO:next fixation: -1
simulate_experiment INFO:attentpos 0
simulate_experiment INFO:  input after attentshift: 0.087
simulate_experiment INFO:CYCLE 6    activ @fix 0.408 inhib  #@fix -0.000891
simulate_experiment INFO:CYCLE 7    activ @fix 0.419 inhib  #@fix -0.000878
simulate_experiment INFO:CYCLE 8    activ @fix 0.427 inhib  #@fix -0.000867
simulate_experiment INFO:CYCLE 9    activ @fix 0.434 inhib  #@fix -0.000858
simulate_experiment INFO:Fixation duration: 200 ms.
simulate_experiment INFO:['there' 'now' 'now' 'rumblings' 'snow' 'apple' 'might' 'soon' 'invade'
 'the' 'smart' 'watch' 'space' 'though' 'the' 'company' None 'maintaining'
 None None None None None None None None None None None None None None
 None None None None None None None None None None None None None None
 None None None None None None None None None None None]
simulate_experiment INFO:att pos right before computing next eye position: 0
reading_components INFO:saccade distance: -9
reading_components INFO:saccade error: [-1.02936501]
reading_components INFO:next eye position: -2
simulate_experiment INFO:---Fixation 20 at position 17---
simulate_experiment INFO:Stimulus: is maintaining its customary silence
Eye position: 9
simulate_experiment INFO:fix on: maintaining  attent. width: 5.0
simulate_experiment INFO:   fixwrd freq. 3.77
simulate_experiment INFO:  input to fixwrd at first cycle: 0.11
simulate_experiment INFO:CYCLE 0    activ @fix 0.452 inhib  #@fix -0.00093
simulate_experiment INFO:CYCLE 1    activ @fix 0.467 inhib  #@fix -0.00098
simulate_experiment INFO:CYCLE 2    activ @fix 0.479 inhib  #@fix -0.001023
simulate_experiment INFO:CYCLE 3    activ @fix 0.488 inhib  #@fix -0.001059
simulate_experiment INFO:CYCLE 4    activ @fix 0.495 inhib  #@fix -0.00109
simulate_experiment INFO:CYCLE 5    activ @fix 0.501 inhib  #@fix -0.001117
reading_components INFO:next fixation: -1
simulate_experiment INFO:attentpos 0
simulate_experiment INFO:  input after attentshift: 0.087
simulate_experiment INFO:CYCLE 6    activ @fix 0.494 inhib  #@fix -0.001048
simulate_experiment INFO:CYCLE 7    activ @fix 0.488 inhib  #@fix -0.00101
simulate_experiment INFO:CYCLE 8    activ @fix 0.483 inhib  #@fix -0.000978
simulate_experiment INFO:CYCLE 9    activ @fix 0.48 inhib  #@fix -0.000952
simulate_experiment INFO:Fixation duration: 200 ms.
simulate_experiment INFO:['there' 'now' 'now' 'rumblings' 'snow' 'apple' 'might' 'soon' 'invade'
 'the' 'smart' 'watch' 'space' 'though' 'the' 'company' None 'maintaining'
 None None None None None None None None None None None None None None
 None None None None None None None None None None None None None None
 None None None None None None None None None None None]
simulate_experiment INFO:att pos right before computing next eye position: 0
reading_components INFO:saccade distance: -9
reading_components INFO:saccade error: [1.07103988]
reading_components INFO:next eye position: 1
simulate_experiment INFO:<-<-<-<-<-<-<-<-<-<-<-<-
simulate_experiment INFO:---Fixation 21 at position 16---
simulate_experiment INFO:Stimulus: company is maintaining its customary
Eye position: 9
simulate_experiment INFO:fix on: is  attent. width: 4.0
simulate_experiment INFO:   fixwrd freq. 7.18
simulate_experiment INFO:  input to fixwrd at first cycle: 0.235
simulate_experiment INFO:CYCLE 0    activ @fix 0.538 inhib  #@fix -0.001061
reading_components INFO:word in input: is      one w. highest act: is
simulate_experiment INFO:CYCLE 1    activ @fix 0.0 inhib  #@fix -0.000815
simulate_experiment INFO:CYCLE 2    activ @fix 0.0 inhib  #@fix -0.0007
simulate_experiment INFO:CYCLE 3    activ @fix 0.0 inhib  #@fix -0.000607
simulate_experiment INFO:CYCLE 4    activ @fix 0.0 inhib  #@fix -0.000531
simulate_experiment INFO:CYCLE 5    activ @fix 0.0 inhib  #@fix -0.000468
reading_helper_functions INFO:Calculating visual input for next attention position...
reading_helper_functions INFO:Word position: 0
reading_helper_functions INFO:att width: 4.0, salience: 1.0, att position: 13, att skew: 3, 
reading_helper_functions INFO:Word position: 1
reading_helper_functions INFO:att width: 4.0, salience: 1.0, att position: 13, att skew: 3, 
reading_helper_functions INFO:    word visual input: 0
reading_helper_functions INFO:Word position: 2
reading_helper_functions INFO:att width: 4.0, salience: 1.0, att position: 13, att skew: 3, 
reading_helper_functions INFO:    word visual input: 3.806669686826601
reading_helper_functions INFO:Word position: 3
reading_helper_functions INFO:att width: 4.0, salience: 1.0, att position: 13, att skew: 3, 
reading_helper_functions INFO:    word visual input: 0.6194600277613156
reading_helper_functions INFO:Word position: 4
reading_helper_functions INFO:att width: 4.0, salience: 1.0, att position: 13, att skew: 3, 
reading_helper_functions INFO:    word visual input: 1.8008960242011016
reading_components INFO:next fixation: 1
simulate_experiment INFO:attentpos 16
simulate_experiment INFO:  input after attentshift: 0.0
simulate_experiment INFO:CYCLE 6    activ @fix 0.0 inhib  #@fix -0.000413
simulate_experiment INFO:CYCLE 7    activ @fix 0.0 inhib  #@fix -0.000368
simulate_experiment INFO:CYCLE 8    activ @fix 0.0 inhib  #@fix -0.00033
simulate_experiment INFO:CYCLE 9    activ @fix 0.111 inhib  #@fix -0.000413
simulate_experiment INFO:Fixation duration: 200 ms.
simulate_experiment INFO:['there' 'now' 'now' 'rumblings' 'snow' 'apple' 'might' 'soon' 'invade'
 'the' 'smart' 'watch' 'space' 'though' 'the' 'company' 'is' 'maintaining'
 None None None None None None None None None None None None None None
 None None None None None None None None None None None None None None
 None None None None None None None None None None None]
simulate_experiment INFO:att pos right before computing next eye position: 16
reading_components INFO:saccade distance: 7
reading_components INFO:saccade error: [-0.33453308]
reading_components INFO:next eye position: 16
simulate_experiment INFO:>->->->->->->->->->->->-
simulate_experiment INFO:---Fixation 22 at position 17---
simulate_experiment INFO:Stimulus: is maintaining its customary silence
Eye position: 8
simulate_experiment INFO:fix on: maintaining  attent. width: 4.5
simulate_experiment INFO:   fixwrd freq. 3.77
simulate_experiment INFO:  input to fixwrd at first cycle: 0.111
simulate_experiment INFO:CYCLE 0    activ @fix 0.45 inhib  #@fix -0.000701
simulate_experiment INFO:CYCLE 1    activ @fix 0.466 inhib  #@fix -0.000766
simulate_experiment INFO:CYCLE 2    activ @fix 0.478 inhib  #@fix -0.000823
simulate_experiment INFO:CYCLE 3    activ @fix 0.488 inhib  #@fix -0.000873
simulate_experiment INFO:CYCLE 4    activ @fix 0.496 inhib  #@fix -0.000916
reading_helper_functions INFO:Calculating visual input for next attention position...
reading_helper_functions INFO:Word position: 0
reading_helper_functions INFO:att width: 4.5, salience: 1.0, att position: 12, att skew: 3, 
reading_helper_functions INFO:Word position: 1
reading_helper_functions INFO:att width: 4.5, salience: 1.0, att position: 12, att skew: 3, 
reading_helper_functions INFO:    word visual input: 1.7383991014945455
reading_helper_functions INFO:Word position: 2
reading_helper_functions INFO:att width: 4.5, salience: 1.0, att position: 12, att skew: 3, 
reading_helper_functions INFO:    word visual input: 1.0475074145553693
reading_helper_functions INFO:Word position: 3
reading_helper_functions INFO:att width: 4.5, salience: 1.0, att position: 12, att skew: 3, 
reading_helper_functions INFO:    word visual input: 1.984512883125924
reading_helper_functions INFO:Word position: 4
reading_helper_functions INFO:att width: 4.5, salience: 1.0, att position: 12, att skew: 3, 
reading_helper_functions INFO:    word visual input: 1.400298824186601
reading_components INFO:next fixation: 2
simulate_experiment INFO:attentpos 23
simulate_experiment INFO:  input after attentshift: 0.067
simulate_experiment INFO:CYCLE 5    activ @fix 0.479 inhib  #@fix -0.000846
simulate_experiment INFO:CYCLE 6    activ @fix 0.466 inhib  #@fix -0.000806
simulate_experiment INFO:CYCLE 7    activ @fix 0.455 inhib  #@fix -0.000773
simulate_experiment INFO:CYCLE 8    activ @fix 0.445 inhib  #@fix -0.000745
simulate_experiment INFO:Fixation duration: 180 ms.
simulate_experiment INFO:['there' 'now' 'now' 'rumblings' 'snow' 'apple' 'might' 'soon' 'invade'
 'the' 'smart' 'watch' 'space' 'though' 'the' 'company' 'is' 'maintaining'
 None None None None None None None None None None None None None None
 None None None None None None None None None None None None None None
 None None None None None None None None None None None]
simulate_experiment INFO:att pos right before computing next eye position: 23
reading_components INFO:saccade distance: 15
reading_components INFO:saccade error: [-0.95456116]
reading_components INFO:next eye position: 23
simulate_experiment INFO:>>>>>>>>>>>>>>>>>>>>>>>>
simulate_experiment INFO:---Fixation 23 at position 19---
simulate_experiment INFO:Stimulus: its customary silence the watch
Eye position: 8
simulate_experiment INFO:fix on: customary  attent. width: 5.0
simulate_experiment INFO:   fixwrd freq. 3.01
simulate_experiment INFO:  input to fixwrd at first cycle: 0.134
simulate_experiment INFO:CYCLE 0    activ @fix 0.37 inhib  #@fix -0.000225
simulate_experiment INFO:CYCLE 1    activ @fix 0.417 inhib  #@fix -0.000249
simulate_experiment INFO:CYCLE 2    activ @fix 0.453 inhib  #@fix -0.000272
simulate_experiment INFO:CYCLE 3    activ @fix 0.481 inhib  #@fix -0.000294
simulate_experiment INFO:CYCLE 4    activ @fix 0.502 inhib  #@fix -0.000313
reading_components INFO:word in input: customary      one w. highest act: customary
reading_components INFO:next fixation: -1
simulate_experiment INFO:attentpos 1
simulate_experiment INFO:  input after attentshift: 0.0
simulate_experiment INFO:CYCLE 5    activ @fix 0.0 inhib  #@fix -0.000265
simulate_experiment INFO:CYCLE 6    activ @fix 0.0 inhib  #@fix -0.000234
simulate_experiment INFO:CYCLE 7    activ @fix 0.0 inhib  #@fix -0.000209
simulate_experiment INFO:CYCLE 8    activ @fix 0.0 inhib  #@fix -0.000189
simulate_experiment INFO:Fixation duration: 180 ms.
simulate_experiment INFO:['there' 'now' 'now' 'rumblings' 'snow' 'apple' 'might' 'soon' 'invade'
 'the' 'smart' 'watch' 'space' 'though' 'the' 'company' 'is' 'maintaining'
 None 'customary' None None None None None None None None None None None
 None None None None None None None None None None None None None None
 None None None None None None None None None None None None]
simulate_experiment INFO:att pos right before computing next eye position: 1
reading_components INFO:saccade distance: -7
reading_components INFO:saccade error: [-0.49981229]
reading_components INFO:next eye position: 0
simulate_experiment INFO:<-<-<-<-<-<-<-<-<-<-<-<-
simulate_experiment INFO:---Fixation 24 at position 18---
simulate_experiment INFO:Stimulus: maintaining its customary silence the
Eye position: 12
simulate_experiment INFO:fix on: its  attent. width: 4.0
simulate_experiment INFO:   fixwrd freq. 5.77
simulate_experiment INFO:  input to fixwrd at first cycle: 0.267
simulate_experiment INFO:CYCLE 0    activ @fix 0.572 inhib  #@fix -0.001107
reading_components INFO:word in input: its      one w. highest act: its
simulate_experiment INFO:CYCLE 1    activ @fix 0.0 inhib  #@fix -0.000859
simulate_experiment INFO:CYCLE 2    activ @fix 0.0 inhib  #@fix -0.000742
simulate_experiment INFO:CYCLE 3    activ @fix 0.0 inhib  #@fix -0.000646
simulate_experiment INFO:CYCLE 4    activ @fix 0.0 inhib  #@fix -0.000567
reading_helper_functions INFO:Calculating visual input for next attention position...
reading_helper_functions INFO:Word position: 0
reading_helper_functions INFO:att width: 4.0, salience: 1.0, att position: 16, att skew: 3, 
reading_helper_functions INFO:Word position: 1
reading_helper_functions INFO:att width: 4.0, salience: 1.0, att position: 16, att skew: 3, 
reading_helper_functions INFO:    word visual input: 0.5010529940191444
reading_helper_functions INFO:Word position: 2
reading_helper_functions INFO:att width: 4.0, salience: 1.0, att position: 16, att skew: 3, 
reading_helper_functions INFO:    word visual input: 3.1367966694897613
reading_helper_functions INFO:Word position: 3
reading_helper_functions INFO:att width: 4.0, salience: 1.0, att position: 16, att skew: 3, 
reading_helper_functions INFO:    word visual input: 1.4215832400823238
reading_helper_functions INFO:Word position: 4
reading_helper_functions INFO:att width: 4.0, salience: 1.0, att position: 16, att skew: 3, 
reading_helper_functions INFO:    word visual input: 0.6000140997639356
reading_components INFO:next fixation: 1
simulate_experiment INFO:attentpos 20
simulate_experiment INFO:  input after attentshift: 0.0
simulate_experiment INFO:CYCLE 5    activ @fix 0.0 inhib  #@fix -0.000503
simulate_experiment INFO:CYCLE 6    activ @fix 0.0 inhib  #@fix -0.00045
simulate_experiment INFO:CYCLE 7    activ @fix 0.0 inhib  #@fix -0.000406
simulate_experiment INFO:CYCLE 8    activ @fix 0.0 inhib  #@fix -0.00037
simulate_experiment INFO:Fixation duration: 180 ms.
simulate_experiment INFO:['there' 'now' 'now' 'rumblings' 'snow' 'apple' 'might' 'soon' 'invade'
 'the' 'smart' 'watch' 'space' 'though' 'the' 'company' 'is' 'maintaining'
 'its' 'customary' None None None None None None None None None None None
 None None None None None None None None None None None None None None
 None None None None None None None None None None None None]
simulate_experiment INFO:att pos right before computing next eye position: 20
reading_components INFO:saccade distance: 8
reading_components INFO:saccade error: [-0.48894713]
reading_components INFO:next eye position: 20
simulate_experiment INFO:>->->->->->->->->->->->-
simulate_experiment INFO:---Fixation 25 at position 19---
simulate_experiment INFO:Stimulus: its customary silence the watch
Eye position: 8
simulate_experiment INFO:fix on: customary  attent. width: 4.5
simulate_experiment INFO:   fixwrd freq. 3.01
simulate_experiment INFO:  input to fixwrd at first cycle: 0.136
simulate_experiment INFO:CYCLE 0    activ @fix 0.399 inhib  #@fix -0.000238
simulate_experiment INFO:CYCLE 1    activ @fix 0.441 inhib  #@fix -0.000264
simulate_experiment INFO:CYCLE 2    activ @fix 0.473 inhib  #@fix -0.000288
simulate_experiment INFO:CYCLE 3    activ @fix 0.497 inhib  #@fix -0.000309
simulate_experiment INFO:CYCLE 4    activ @fix 0.516 inhib  #@fix -0.000328
reading_helper_functions INFO:Calculating visual input for next attention position...
reading_helper_functions INFO:Word position: 0
reading_helper_functions INFO:att width: 4.5, salience: 1.0, att position: 12, att skew: 3, 
reading_helper_functions INFO:Word position: 1
reading_helper_functions INFO:att width: 4.5, salience: 1.0, att position: 12, att skew: 3, 
reading_helper_functions INFO:    word visual input: 1.3215966614801353
reading_helper_functions INFO:Word position: 2
reading_helper_functions INFO:att width: 4.5, salience: 1.0, att position: 12, att skew: 3, 
reading_helper_functions INFO:    word visual input: 2.252224264384773
reading_helper_functions INFO:Word position: 3
reading_helper_functions INFO:att width: 4.5, salience: 1.0, att position: 12, att skew: 3, 
reading_helper_functions INFO:    word visual input: 0.6363620050599632
reading_helper_functions INFO:Word position: 4
reading_helper_functions INFO:att width: 4.5, salience: 1.0, att position: 12, att skew: 3, 
reading_helper_functions INFO:    word visual input: 1.0032681324121444
reading_components INFO:next fixation: 1
simulate_experiment INFO:attentpos 17
simulate_experiment INFO:  input after attentshift: 0.081
simulate_experiment INFO:CYCLE 5    activ @fix 0.503 inhib  #@fix -0.000317
simulate_experiment INFO:CYCLE 6    activ @fix 0.493 inhib  #@fix -0.000312
simulate_experiment INFO:CYCLE 7    activ @fix 0.485 inhib  #@fix -0.000307
simulate_experiment INFO:CYCLE 8    activ @fix 0.478 inhib  #@fix -0.000304
simulate_experiment INFO:Fixation duration: 180 ms.
simulate_experiment INFO:['there' 'now' 'now' 'rumblings' 'snow' 'apple' 'might' 'soon' 'invade'
 'the' 'smart' 'watch' 'space' 'though' 'the' 'company' 'is' 'maintaining'
 'its' 'customary' None None None None None None None None None None None
 None None None None None None None None None None None None None None
 None None None None None None None None None None None None]
simulate_experiment INFO:att pos right before computing next eye position: 17
reading_components INFO:saccade distance: 9
reading_components INFO:saccade error: [-0.48011011]
reading_components INFO:next eye position: 17
simulate_experiment INFO:>->->->->->->->->->->->-
simulate_experiment INFO:---Fixation 26 at position 20---
simulate_experiment INFO:Stimulus: customary silence the watch doesnt
Eye position: 13
simulate_experiment INFO:fix on: silence  attent. width: 5.0
simulate_experiment INFO:   fixwrd freq. 4.33
simulate_experiment INFO:  input to fixwrd at first cycle: 0.156
simulate_experiment INFO:CYCLE 0    activ @fix 0.437 inhib  #@fix -0.000782
simulate_experiment INFO:CYCLE 1    activ @fix 0.481 inhib  #@fix -0.000921
