__main__ DEBUG:namespace(stimuli_filepath='stimuli\\EmbeddedWords_stimuli_all_csv.csv', run_exp=True, analyze_results=False, optimize=False, print_stim=False, plotting=False, task_to_run='EmbeddedWords', language='english', task_name='EmbeddedWords', stim_name='EmbeddedWords_stimuli_all_csv', stim=     item_nr    prime stimulus target                     condition
0          1   weaken     weak   weak  truly suffixed/related prime
1          2  tighten    tight  tight  truly suffixed/related prime
2          3    boxer      box    box  truly suffixed/related prime
3          4    owner      own    own  truly suffixed/related prime
4          5   farmer     farm   farm  truly suffixed/related prime
..       ...      ...      ...    ...                           ...
127      128    beefy      too    too  non suffixed/unrelated prime
128      129   griped      beg    beg  non suffixed/unrelated prime
129      130    dusty      ski    ski  non suffixed/unrelated prime
130      131   gloomy      won    won  non suffixed/unrelated prime
131      132   girdle     cart   cart  non suffixed/unrelated prime

[132 rows x 5 columns], stim_all=['weak', 'tight', 'box', 'own', 'farm', 'play', 'bank', 'sing', 'deal', 'kill', 'hunt', 'read', 'lead', 'tell', 'mix', 'win', 'test', 'abort', 'evict', 'fuse', 'act', 'edit', 'weak', 'tight', 'box', 'own', 'farm', 'play', 'bank', 'sing', 'deal', 'kill', 'hunt', 'read', 'lead', 'tell', 'mix', 'win', 'test', 'abort', 'evict', 'fuse', 'act', 'edit', 'poll', 'sir', 'both', 'broth', 'cat', 'corn', 'cow', 'flow', 'lag', 'mist', 'moth', 'pond', 'prop', 'show', 'tap', 'tow', 'wand', 'leg', 'lot', 'miss', 'port', 'rat', 'poll', 'sir', 'both', 'broth', 'cat', 'corn', 'cow', 'flow', 'lag', 'mist', 'moth', 'pond', 'prop', 'show', 'tap', 'tow', 'wand', 'leg', 'lot', 'miss', 'port', 'rat', 'cash', 'flee', 'turn', 'ball', 'spin', 'pulp', 'star', 'gala', 'free', 'add', 'tea', 'pill', 'drag', 'wind', 'yell', 'car', 'hot', 'too', 'beg', 'ski', 'won', 'cart', 'cash', 'flee', 'turn', 'ball', 'spin', 'pulp', 'star', 'gala', 'free', 'add', 'tea', 'pill', 'drag', 'wind', 'yell', 'car', 'hot', 'too', 'beg', 'ski', 'won', 'cart'], stimcycles=120, is_priming_task=True, are_nonwords=False, blankscreen_type='hashgrid', blankscreen_cycles_begin=5, blankscreen_cycles_end=0, ncyclesprime=2, POS_implemented=False, affix_implemented=True, totalcycles=127, cycle_size=25, output_dir=1688099740.264984, bigram_to_word_excitation=1, bigram_to_word_inhibition=-0.20625, word_inhibition=-0.4, min_activity=0.0, max_activity=1.0, decay=-0.09, discounted_Ngrams=10, bigram_gap=2, max_threshold=0.6, wordfreq_p=0.2, wordpred_p=0.2, word_length_similarity_constant=0.15, use_grammar_prob=False, uniform_prob=False, grammar_weight=0.5, linear=False, attend_width=15, max_attend_width=5.0, min_attend_width=3.0, attention_skew=4, letPerDeg=0.3, refix_size=0.2, salience_position=5, include_sacc_type_sse=True, sacc_type_objective='total', include_sacc_dist_sse=True, sacc_optimal_distance=8, saccErr_scaler=0.2, saccErr_sigma=0.17, saccErr_sigma_scaler=0.06, tuning_measure='SSE', discretization='bin', objective=[], epsilon=0.1, frequency_flag=True, prediction_flag=True, similarity_based_recognition=True, use_saccade_error=True, use_attendposition_change=True, visualise=False, slow_word_activity=False, pauze_allocation_errors=False, use_boundary_task=False, corpora_repeats=0, mu=12, sigma=4, recog_speeding=5.0, trial_ends_on_key_press=False, affix_system=True, simil_algo='lcs', max_edit_dist=1, short_word_cutoff=3)
simulate_experiment INFO:reaction time: 3350 ms
simulate_experiment INFO:reaction time: 3350 ms
simulate_experiment INFO:reaction time: 3350 ms
simulate_experiment INFO:reaction time: 3350 ms
simulate_experiment INFO:reaction time: 3350 ms
simulate_experiment INFO:reaction time: 3350 ms
simulate_experiment INFO:reaction time: 3350 ms
simulate_experiment INFO:reaction time: 3350 ms
simulate_experiment INFO:reaction time: 3350 ms
simulate_experiment INFO:reaction time: 3350 ms
simulate_experiment INFO:reaction time: 3350 ms
simulate_experiment INFO:reaction time: 3350 ms
simulate_experiment INFO:reaction time: 3350 ms
simulate_experiment INFO:reaction time: 3350 ms
simulate_experiment INFO:reaction time: 3350 ms
simulate_experiment INFO:reaction time: 3350 ms
simulate_experiment INFO:reaction time: 3350 ms
simulate_experiment INFO:reaction time: 3350 ms
simulate_experiment INFO:reaction time: 3350 ms
simulate_experiment INFO:reaction time: 3350 ms
simulate_experiment INFO:reaction time: 3350 ms
simulate_experiment INFO:reaction time: 3350 ms
simulate_experiment INFO:reaction time: 3350 ms
simulate_experiment INFO:reaction time: 3350 ms
simulate_experiment INFO:reaction time: 3350 ms
simulate_experiment INFO:reaction time: 3350 ms
simulate_experiment INFO:reaction time: 3350 ms
simulate_experiment INFO:reaction time: 3350 ms
simulate_experiment INFO:reaction time: 3350 ms
simulate_experiment INFO:reaction time: 3350 ms
simulate_experiment INFO:reaction time: 3350 ms
simulate_experiment INFO:reaction time: 3350 ms
simulate_experiment INFO:reaction time: 3350 ms
simulate_experiment INFO:reaction time: 3350 ms
simulate_experiment INFO:reaction time: 3350 ms
simulate_experiment INFO:reaction time: 3350 ms
simulate_experiment INFO:reaction time: 3350 ms
simulate_experiment INFO:reaction time: 3350 ms
simulate_experiment INFO:reaction time: 3350 ms
simulate_experiment INFO:reaction time: 3350 ms
simulate_experiment INFO:reaction time: 3350 ms
simulate_experiment INFO:reaction time: 3350 ms
simulate_experiment INFO:reaction time: 3350 ms
simulate_experiment INFO:reaction time: 3350 ms
simulate_experiment INFO:reaction time: 3350 ms
simulate_experiment INFO:reaction time: 3350 ms
simulate_experiment INFO:reaction time: 3350 ms
simulate_experiment INFO:reaction time: 3350 ms
simulate_experiment INFO:reaction time: 3350 ms
simulate_experiment INFO:reaction time: 3350 ms
simulate_experiment INFO:reaction time: 3350 ms
simulate_experiment INFO:reaction time: 3350 ms
simulate_experiment INFO:reaction time: 3350 ms
simulate_experiment INFO:reaction time: 3350 ms
simulate_experiment INFO:reaction time: 3350 ms
simulate_experiment INFO:reaction time: 3350 ms
simulate_experiment INFO:reaction time: 3350 ms
simulate_experiment INFO:reaction time: 3350 ms
simulate_experiment INFO:reaction time: 3350 ms
simulate_experiment INFO:reaction time: 3350 ms
simulate_experiment INFO:reaction time: 3350 ms
simulate_experiment INFO:reaction time: 3350 ms
simulate_experiment INFO:reaction time: 3350 ms
simulate_experiment INFO:reaction time: 3350 ms
simulate_experiment INFO:reaction time: 3350 ms
simulate_experiment INFO:reaction time: 3350 ms
simulate_experiment INFO:reaction time: 3350 ms
simulate_experiment INFO:reaction time: 3350 ms
simulate_experiment INFO:reaction time: 3350 ms
simulate_experiment INFO:reaction time: 3350 ms
simulate_experiment INFO:reaction time: 3350 ms
simulate_experiment INFO:reaction time: 3350 ms
simulate_experiment INFO:reaction time: 3350 ms
simulate_experiment INFO:reaction time: 3350 ms
simulate_experiment INFO:reaction time: 3350 ms
simulate_experiment INFO:reaction time: 3350 ms
simulate_experiment INFO:reaction time: 3350 ms
simulate_experiment INFO:reaction time: 3350 ms
simulate_experiment INFO:reaction time: 3350 ms
simulate_experiment INFO:reaction time: 3350 ms
simulate_experiment INFO:reaction time: 3350 ms
simulate_experiment INFO:reaction time: 3350 ms
simulate_experiment INFO:reaction time: 3350 ms
simulate_experiment INFO:reaction time: 3350 ms
simulate_experiment INFO:reaction time: 3350 ms
simulate_experiment INFO:reaction time: 3350 ms
simulate_experiment INFO:reaction time: 3350 ms
simulate_experiment INFO:reaction time: 3350 ms
simulate_experiment INFO:reaction time: 3350 ms
simulate_experiment INFO:reaction time: 3350 ms
simulate_experiment INFO:reaction time: 3350 ms
simulate_experiment INFO:reaction time: 3350 ms
simulate_experiment INFO:reaction time: 3350 ms
simulate_experiment INFO:reaction time: 3350 ms
simulate_experiment INFO:reaction time: 3350 ms
simulate_experiment INFO:reaction time: 3350 ms
simulate_experiment INFO:reaction time: 3350 ms
simulate_experiment INFO:reaction time: 3350 ms
simulate_experiment INFO:reaction time: 3350 ms
simulate_experiment INFO:reaction time: 3350 ms
simulate_experiment INFO:reaction time: 3350 ms
simulate_experiment INFO:reaction time: 3350 ms
simulate_experiment INFO:reaction time: 3350 ms
simulate_experiment INFO:reaction time: 3350 ms
simulate_experiment INFO:reaction time: 3350 ms
simulate_experiment INFO:reaction time: 3350 ms
simulate_experiment INFO:reaction time: 3350 ms
simulate_experiment INFO:reaction time: 3350 ms
simulate_experiment INFO:reaction time: 3350 ms
simulate_experiment INFO:reaction time: 3350 ms
simulate_experiment INFO:reaction time: 3350 ms
simulate_experiment INFO:reaction time: 3350 ms
simulate_experiment INFO:reaction time: 3350 ms
simulate_experiment INFO:reaction time: 3350 ms
simulate_experiment INFO:reaction time: 3350 ms
simulate_experiment INFO:reaction time: 3350 ms
simulate_experiment INFO:reaction time: 3350 ms
simulate_experiment INFO:reaction time: 3350 ms
simulate_experiment INFO:reaction time: 3350 ms
simulate_experiment INFO:reaction time: 3350 ms
simulate_experiment INFO:reaction time: 3350 ms
simulate_experiment INFO:reaction time: 3350 ms
simulate_experiment INFO:reaction time: 3350 ms
simulate_experiment INFO:reaction time: 3350 ms
simulate_experiment INFO:reaction time: 3350 ms
simulate_experiment INFO:reaction time: 3350 ms
simulate_experiment INFO:reaction time: 3350 ms
simulate_experiment INFO:reaction time: 3350 ms
simulate_experiment INFO:reaction time: 3350 ms
simulate_experiment INFO:reaction time: 3350 ms
simulate_experiment INFO:reaction time: 3350 ms
simulate_experiment INFO:reaction time: 3350 ms
__main__ DEBUG:namespace(stimuli_filepath='stimuli\\EmbeddedWords_Nonwords_german_all_csv.csv', run_exp=True, analyze_results=False, optimize=False, print_stim=False, plotting=False, task_to_run='EmbeddedWords_German', language='german', task_name='EmbeddedWords_German', stim_name='EmbeddedWords_Nonwords_german_all_csv', stim=     Unnamed: 0  item_nr     prime  stimulus    target            condition
0             0        0   arfucht   arfucht   arfucht  non-stem/non-suffix
1             1        1   baufarf   baufarf   baufarf  non-stem/non-suffix
2             2        2   beunatz   beunatz   beunatz  non-stem/non-suffix
3             3        3   belenau   belenau   belenau  non-stem/non-suffix
4             4        4   bottarf   bottarf   bottarf  non-stem/non-suffix
..          ...      ...       ...       ...       ...                  ...
293         293      293  stellung  stellung  stellung     REALWORD/complex
294         294      294    sucher    sucher    sucher     REALWORD/complex
295         295      295   trainer   trainer   trainer     REALWORD/complex
296         296      296  training  training  training     REALWORD/complex
297         297      297  weisheit  weisheit  weisheit     REALWORD/complex

[298 rows x 6 columns], stim_all=['arfucht', 'baufarf', 'beunatz', 'belenau', 'bottarf', 'blatzpern', 'bletam', 'bliefmen', 'bromarf', 'blustekt', 'bumarf', 'duchpfen', 'eusmen', 'faldatz', 'filtarf', 'flusucht', 'flerpern', 'gosichtarf', 'gestenstpern', 'holtarf', 'holmat', 'hehnam', 'hondat', 'kelsmen', 'kertmen', 'korfekt', 'lechucht', 'luptucht', 'maunpern', 'mulcharf', 'moldatz', 'nechtatz', 'nonstarf', 'parmarf', 'pfeldam', 'pulktam', 'ridam', 'rachtmen', 'saktmen', 'sarducht', 'schetzarf', 'sintau', 'smurnauf', 'steunam', 'stirmatz', 'tafucht', 'teplichatz', 'tescharf', 'tolfekt', 'tunfelau', 'wardekt', 'woltekt', 'wisducht', 'wetzarf', 'wolpat', 'wostpern', 'zuhnarf', 'zeilam', 'zelpat', 'arfbar', 'baufkeit', 'beunbar', 'belenkeit', 'botter', 'blatzkeit', 'blethaft', 'bliefkeit', 'bromhaft', 'bluster', 'bumung', 'ducher', 'eusbar', 'faldbar', 'filthaft', 'fluskeit', 'flerbar', 'gosichtkeit', 'gestenstkeit', 'holtkeit', 'holmung', 'hehnbar', 'hondung', 'kelsbar', 'kertbar', 'korfkeit', 'lechkeit', 'luptkeit', 'maunkeit', 'mulchkeit', 'moldkeit', 'nechter', 'nonstung', 'parmbar', 'pfeldung', 'pulktkeit', 'ridkeit', 'rachtbar', 'saktung', 'sardung', 'schetzung', 'sintung', 'smurkeit', 'steunung', 'stirmbar', 'tafbar', 'teplichbar', 'teschkeit', 'tolfbar', 'tunfelung', 'wardbar', 'woltkeit', 'wisdbar', 'wetzkeit', 'wolphaft', 'wosthaft', 'zuhner', 'zeilbar', 'zelpkeit', 'armucht', 'baumarf', 'beinatz', 'besenau', 'bettarf', 'blitzpern', 'blutam', 'briefmen', 'brotarf', 'brustekt', 'busarf', 'dachpfen', 'eismen', 'feldatz', 'filmarf', 'flugucht', 'flurpern', 'gesichtarf', 'gespenstpern', 'haltarf', 'holzat', 'huhnam', 'hundat', 'keksmen', 'kerlmen', 'kopfekt', 'lochucht', 'luftucht', 'mauspern', 'milcharf', 'mondatz', 'nachtatz', 'nestarf', 'parkarf', 'pferdam', 'punktam', 'radam', 'rechtmen', 'saftmen', 'sanducht', 'schatzarf', 'sinnau', 'spurnauf', 'steinam', 'stirnatz', 'tagucht', 'teppichatz', 'tischarf', 'topfekt', 'tunnelau', 'wandekt', 'weltekt', 'winducht', 'witzarf', 'wolfat', 'wortpern', 'zahnarf', 'zeitam', 'zeltat', 'zugat', 'armbar', 'baumkeit', 'beinbar', 'besenkeit', 'better', 'blitzkeit', 'bluthaft', 'briefkeit', 'brothaft', 'bruster', 'busung', 'dacher', 'eisbar', 'feldbar', 'filmhaft', 'flugkeit', 'flurbar', 'gesichtkeit', 'gespenstkeit', 'haltkeit', 'holzung', 'huhnbar', 'hundung', 'keksbar', 'kerlbar', 'kopfkeit', 'lochkeit', 'luftkeit', 'mauskeit', 'milchkeit', 'mondkeit', 'nachter', 'nestung', 'parkbar', 'pferdung', 'punktkeit', 'radkeit', 'rechtbar', 'saftung', 'sandung', 'schatzung', 'sinnung', 'spurkeit', 'steinung', 'stirnbar', 'tagbar', 'teppichbar', 'tischkeit', 'topfbar', 'tunnelung', 'wandbar', 'weltkeit', 'windbar', 'witzkeit', 'wolfhaft', 'worthaft', 'zahner', 'zeitbar', 'zeltkeit', 'zughaft', 'ameise', 'asphalt', 'banane', 'basilisk', 'brauch', 'bürste', 'diamant', 'dusche', 'erfolg', 'flamme', 'giraffe', 'gitarre', 'herberge', 'kollege', 'kommode', 'kontakt', 'kontrolle', 'konzert', 'kralle', 'perücke', 'pfütze', 'platte', 'puzzle', 'pyramide', 'soldat', 'storch', 'talent', 'tomate', 'triumph', 'zigarre', 'bäcker', 'behandlung', 'bescheid', 'diener', 'dummheit', 'existenz', 'festung', 'fischer', 'forscher', 'freiheit', 'frisur', 'jüngling', 'krankheit', 'künstler', 'leistung', 'lichtung', 'lügner', 'manager', 'menschheit', 'musiker', 'schönheit', 'sicherheit', 'siedlung', 'sieger', 'spieler', 'stellung', 'sucher', 'trainer', 'training', 'weisheit'], stimcycles=120, is_priming_task=True, are_nonwords=True, blankscreen_type='hashgrid', blankscreen_cycles_begin=5, blankscreen_cycles_end=0, ncyclesprime=2, POS_implemented=False, affix_implemented=True, totalcycles=127, cycle_size=25, output_dir=1688099815.600272, bigram_to_word_excitation=1, bigram_to_word_inhibition=-0.20625, word_inhibition=-0.4, min_activity=0.0, max_activity=1.0, decay=-0.09, discounted_Ngrams=10, bigram_gap=2, max_threshold=0.6, wordfreq_p=0.2, wordpred_p=0.2, word_length_similarity_constant=0.15, use_grammar_prob=False, uniform_prob=False, grammar_weight=0.5, linear=False, attend_width=15, max_attend_width=5.0, min_attend_width=3.0, attention_skew=4, letPerDeg=0.3, refix_size=0.2, salience_position=5, include_sacc_type_sse=True, sacc_type_objective='total', include_sacc_dist_sse=True, sacc_optimal_distance=8, saccErr_scaler=0.2, saccErr_sigma=0.17, saccErr_sigma_scaler=0.06, tuning_measure='SSE', discretization='bin', objective=[], epsilon=0.1, frequency_flag=True, prediction_flag=True, similarity_based_recognition=True, use_saccade_error=True, use_attendposition_change=True, visualise=False, slow_word_activity=False, pauze_allocation_errors=False, use_boundary_task=False, corpora_repeats=0, mu=12, sigma=4, recog_speeding=5.0, trial_ends_on_key_press=False, affix_system=True, simil_algo='lcs', max_edit_dist=1, short_word_cutoff=3)
simulate_experiment INFO:reaction time: 3350 ms
simulate_experiment INFO:reaction time: 3350 ms
simulate_experiment INFO:reaction time: 3350 ms
simulate_experiment INFO:reaction time: 3350 ms
simulate_experiment INFO:reaction time: 3350 ms
simulate_experiment INFO:reaction time: 3350 ms
simulate_experiment INFO:reaction time: 3350 ms
simulate_experiment INFO:reaction time: 3350 ms
simulate_experiment INFO:reaction time: 3350 ms
simulate_experiment INFO:reaction time: 3350 ms
simulate_experiment INFO:reaction time: 3350 ms
simulate_experiment INFO:reaction time: 3350 ms
simulate_experiment INFO:reaction time: 3350 ms
simulate_experiment INFO:reaction time: 3350 ms
simulate_experiment INFO:reaction time: 3350 ms
simulate_experiment INFO:reaction time: 3350 ms
simulate_experiment INFO:reaction time: 3350 ms
simulate_experiment INFO:reaction time: 3350 ms
simulate_experiment INFO:reaction time: 3350 ms
simulate_experiment INFO:reaction time: 3350 ms
simulate_experiment INFO:reaction time: 3350 ms
simulate_experiment INFO:reaction time: 3350 ms
simulate_experiment INFO:reaction time: 3350 ms
simulate_experiment INFO:reaction time: 3350 ms
simulate_experiment INFO:reaction time: 3350 ms
simulate_experiment INFO:reaction time: 3350 ms
simulate_experiment INFO:reaction time: 3350 ms
simulate_experiment INFO:reaction time: 3350 ms
simulate_experiment INFO:reaction time: 3350 ms
simulate_experiment INFO:reaction time: 3350 ms
simulate_experiment INFO:reaction time: 3350 ms
simulate_experiment INFO:reaction time: 3350 ms
simulate_experiment INFO:reaction time: 3350 ms
simulate_experiment INFO:reaction time: 3350 ms
simulate_experiment INFO:reaction time: 3350 ms
simulate_experiment INFO:reaction time: 3350 ms
simulate_experiment INFO:reaction time: 3350 ms
simulate_experiment INFO:reaction time: 3350 ms
simulate_experiment INFO:reaction time: 3350 ms
simulate_experiment INFO:reaction time: 3350 ms
simulate_experiment INFO:reaction time: 3350 ms
simulate_experiment INFO:reaction time: 3350 ms
simulate_experiment INFO:reaction time: 3350 ms
simulate_experiment INFO:reaction time: 3350 ms
simulate_experiment INFO:reaction time: 3350 ms
simulate_experiment INFO:reaction time: 3350 ms
simulate_experiment INFO:reaction time: 3350 ms
simulate_experiment INFO:reaction time: 3350 ms
simulate_experiment INFO:reaction time: 3350 ms
simulate_experiment INFO:reaction time: 3350 ms
simulate_experiment INFO:reaction time: 3350 ms
simulate_experiment INFO:reaction time: 3350 ms
simulate_experiment INFO:reaction time: 3350 ms
simulate_experiment INFO:reaction time: 3350 ms
simulate_experiment INFO:reaction time: 3350 ms
simulate_experiment INFO:reaction time: 3350 ms
simulate_experiment INFO:reaction time: 3350 ms
simulate_experiment INFO:reaction time: 3350 ms
simulate_experiment INFO:reaction time: 3350 ms
simulate_experiment INFO:reaction time: 3350 ms
simulate_experiment INFO:reaction time: 3350 ms
simulate_experiment INFO:reaction time: 3350 ms
simulate_experiment INFO:reaction time: 3350 ms
simulate_experiment INFO:reaction time: 3350 ms
simulate_experiment INFO:reaction time: 3350 ms
simulate_experiment INFO:reaction time: 3350 ms
simulate_experiment INFO:reaction time: 3350 ms
simulate_experiment INFO:reaction time: 3350 ms
simulate_experiment INFO:reaction time: 3350 ms
simulate_experiment INFO:reaction time: 3350 ms
simulate_experiment INFO:reaction time: 3350 ms
simulate_experiment INFO:reaction time: 3350 ms
simulate_experiment INFO:reaction time: 3350 ms
simulate_experiment INFO:reaction time: 3350 ms
simulate_experiment INFO:reaction time: 3350 ms
simulate_experiment INFO:reaction time: 3350 ms
simulate_experiment INFO:reaction time: 3350 ms
simulate_experiment INFO:reaction time: 3350 ms
simulate_experiment INFO:reaction time: 3350 ms
simulate_experiment INFO:reaction time: 3350 ms
simulate_experiment INFO:reaction time: 3350 ms
simulate_experiment INFO:reaction time: 3350 ms
simulate_experiment INFO:reaction time: 3350 ms
simulate_experiment INFO:reaction time: 3350 ms
simulate_experiment INFO:reaction time: 3350 ms
simulate_experiment INFO:reaction time: 3350 ms
simulate_experiment INFO:reaction time: 3350 ms
simulate_experiment INFO:reaction time: 3350 ms
simulate_experiment INFO:reaction time: 3350 ms
simulate_experiment INFO:reaction time: 3350 ms
simulate_experiment INFO:reaction time: 3350 ms
simulate_experiment INFO:reaction time: 3350 ms
simulate_experiment INFO:reaction time: 3350 ms
simulate_experiment INFO:reaction time: 3350 ms
simulate_experiment INFO:reaction time: 3350 ms
simulate_experiment INFO:reaction time: 3350 ms
simulate_experiment INFO:reaction time: 3350 ms
simulate_experiment INFO:reaction time: 3350 ms
simulate_experiment INFO:reaction time: 3350 ms
simulate_experiment INFO:reaction time: 3350 ms
simulate_experiment INFO:reaction time: 3350 ms
simulate_experiment INFO:reaction time: 3350 ms
simulate_experiment INFO:reaction time: 3350 ms
simulate_experiment INFO:reaction time: 3350 ms
simulate_experiment INFO:reaction time: 3350 ms
simulate_experiment INFO:reaction time: 3350 ms
simulate_experiment INFO:reaction time: 3350 ms
simulate_experiment INFO:reaction time: 3350 ms
simulate_experiment INFO:reaction time: 3350 ms
simulate_experiment INFO:reaction time: 3350 ms
simulate_experiment INFO:reaction time: 3350 ms
simulate_experiment INFO:reaction time: 3350 ms
simulate_experiment INFO:reaction time: 3350 ms
simulate_experiment INFO:reaction time: 3350 ms
simulate_experiment INFO:reaction time: 3350 ms
simulate_experiment INFO:reaction time: 3350 ms
simulate_experiment INFO:reaction time: 3350 ms
simulate_experiment INFO:reaction time: 3350 ms
simulate_experiment INFO:reaction time: 3350 ms
simulate_experiment INFO:reaction time: 3350 ms
simulate_experiment INFO:reaction time: 3350 ms
simulate_experiment INFO:reaction time: 3350 ms
simulate_experiment INFO:reaction time: 3350 ms
simulate_experiment INFO:reaction time: 3350 ms
simulate_experiment INFO:reaction time: 3350 ms
simulate_experiment INFO:reaction time: 3350 ms
simulate_experiment INFO:reaction time: 3350 ms
simulate_experiment INFO:reaction time: 3350 ms
simulate_experiment INFO:reaction time: 3350 ms
simulate_experiment INFO:reaction time: 3350 ms
simulate_experiment INFO:reaction time: 3350 ms
simulate_experiment INFO:reaction time: 3350 ms
simulate_experiment INFO:reaction time: 3350 ms
simulate_experiment INFO:reaction time: 3350 ms
simulate_experiment INFO:reaction time: 3350 ms
simulate_experiment INFO:reaction time: 3350 ms
simulate_experiment INFO:reaction time: 3350 ms
simulate_experiment INFO:reaction time: 3350 ms
simulate_experiment INFO:reaction time: 3350 ms
simulate_experiment INFO:reaction time: 3350 ms
simulate_experiment INFO:reaction time: 3350 ms
simulate_experiment INFO:reaction time: 3350 ms
simulate_experiment INFO:reaction time: 3350 ms
simulate_experiment INFO:reaction time: 3350 ms
simulate_experiment INFO:reaction time: 3350 ms
simulate_experiment INFO:reaction time: 3350 ms
simulate_experiment INFO:reaction time: 3350 ms
simulate_experiment INFO:reaction time: 3350 ms
simulate_experiment INFO:reaction time: 3350 ms
simulate_experiment INFO:reaction time: 3350 ms
simulate_experiment INFO:reaction time: 3350 ms
simulate_experiment INFO:reaction time: 3350 ms
simulate_experiment INFO:reaction time: 3350 ms
simulate_experiment INFO:reaction time: 3350 ms
simulate_experiment INFO:reaction time: 3350 ms
simulate_experiment INFO:reaction time: 3350 ms
simulate_experiment INFO:reaction time: 3350 ms
simulate_experiment INFO:reaction time: 3350 ms
simulate_experiment INFO:reaction time: 3350 ms
simulate_experiment INFO:reaction time: 3350 ms
simulate_experiment INFO:reaction time: 3350 ms
simulate_experiment INFO:reaction time: 3350 ms
simulate_experiment INFO:reaction time: 3350 ms
simulate_experiment INFO:reaction time: 3350 ms
simulate_experiment INFO:reaction time: 3350 ms
simulate_experiment INFO:reaction time: 3350 ms
simulate_experiment INFO:reaction time: 3350 ms
simulate_experiment INFO:reaction time: 3350 ms
simulate_experiment INFO:reaction time: 3350 ms
simulate_experiment INFO:reaction time: 3350 ms
simulate_experiment INFO:reaction time: 3350 ms
simulate_experiment INFO:reaction time: 3350 ms
simulate_experiment INFO:reaction time: 3350 ms
simulate_experiment INFO:reaction time: 3350 ms
simulate_experiment INFO:reaction time: 3350 ms
simulate_experiment INFO:reaction time: 3350 ms
simulate_experiment INFO:reaction time: 3350 ms
simulate_experiment INFO:reaction time: 3350 ms
simulate_experiment INFO:reaction time: 3350 ms
simulate_experiment INFO:reaction time: 3350 ms
simulate_experiment INFO:reaction time: 3350 ms
simulate_experiment INFO:reaction time: 3350 ms
simulate_experiment INFO:reaction time: 3350 ms
simulate_experiment INFO:reaction time: 3350 ms
simulate_experiment INFO:reaction time: 3350 ms
simulate_experiment INFO:reaction time: 3350 ms
simulate_experiment INFO:reaction time: 3350 ms
simulate_experiment INFO:reaction time: 3350 ms
simulate_experiment INFO:reaction time: 3350 ms
simulate_experiment INFO:reaction time: 3350 ms
simulate_experiment INFO:reaction time: 3350 ms
simulate_experiment INFO:reaction time: 3350 ms
simulate_experiment INFO:reaction time: 3350 ms
simulate_experiment INFO:reaction time: 3350 ms
simulate_experiment INFO:reaction time: 3350 ms
simulate_experiment INFO:reaction time: 3350 ms
simulate_experiment INFO:reaction time: 3350 ms
simulate_experiment INFO:reaction time: 3350 ms
simulate_experiment INFO:reaction time: 3350 ms
simulate_experiment INFO:reaction time: 3350 ms
simulate_experiment INFO:reaction time: 3350 ms
simulate_experiment INFO:reaction time: 3350 ms
simulate_experiment INFO:reaction time: 3350 ms
simulate_experiment INFO:reaction time: 3350 ms
simulate_experiment INFO:reaction time: 3350 ms
simulate_experiment INFO:reaction time: 3350 ms
simulate_experiment INFO:reaction time: 3350 ms
simulate_experiment INFO:reaction time: 3350 ms
simulate_experiment INFO:reaction time: 3350 ms
simulate_experiment INFO:reaction time: 3350 ms
simulate_experiment INFO:reaction time: 3350 ms
simulate_experiment INFO:reaction time: 3350 ms
simulate_experiment INFO:reaction time: 3350 ms
simulate_experiment INFO:reaction time: 3350 ms
simulate_experiment INFO:reaction time: 3350 ms
simulate_experiment INFO:reaction time: 3350 ms
simulate_experiment INFO:reaction time: 3350 ms
simulate_experiment INFO:reaction time: 3350 ms
simulate_experiment INFO:reaction time: 3350 ms
simulate_experiment INFO:reaction time: 3350 ms
simulate_experiment INFO:reaction time: 3350 ms
simulate_experiment INFO:reaction time: 3350 ms
simulate_experiment INFO:reaction time: 3350 ms
simulate_experiment INFO:reaction time: 3350 ms
simulate_experiment INFO:reaction time: 3350 ms
simulate_experiment INFO:reaction time: 3350 ms
simulate_experiment INFO:reaction time: 3350 ms
simulate_experiment INFO:reaction time: 3350 ms
simulate_experiment INFO:reaction time: 3350 ms
simulate_experiment INFO:reaction time: 3350 ms
simulate_experiment INFO:reaction time: 3350 ms
simulate_experiment INFO:reaction time: 3350 ms
simulate_experiment INFO:reaction time: 3350 ms
simulate_experiment INFO:reaction time: 3350 ms
simulate_experiment INFO:reaction time: 3350 ms
simulate_experiment INFO:reaction time: 3350 ms
simulate_experiment INFO:reaction time: 3350 ms
simulate_experiment INFO:reaction time: 3350 ms
simulate_experiment INFO:reaction time: 3350 ms
simulate_experiment INFO:reaction time: 3350 ms
simulate_experiment INFO:reaction time: 3350 ms
simulate_experiment INFO:reaction time: 3350 ms
simulate_experiment INFO:reaction time: 3350 ms
simulate_experiment INFO:reaction time: 3350 ms
simulate_experiment INFO:reaction time: 3350 ms
simulate_experiment INFO:reaction time: 3350 ms
simulate_experiment INFO:reaction time: 3350 ms
simulate_experiment INFO:reaction time: 3350 ms
simulate_experiment INFO:reaction time: 3350 ms
simulate_experiment INFO:reaction time: 3350 ms
simulate_experiment INFO:reaction time: 3350 ms
simulate_experiment INFO:reaction time: 3350 ms
simulate_experiment INFO:reaction time: 3350 ms
simulate_experiment INFO:reaction time: 3350 ms
simulate_experiment INFO:reaction time: 3350 ms
simulate_experiment INFO:reaction time: 3350 ms
simulate_experiment INFO:reaction time: 3350 ms
simulate_experiment INFO:reaction time: 3350 ms
simulate_experiment INFO:reaction time: 3350 ms
simulate_experiment INFO:reaction time: 3350 ms
simulate_experiment INFO:reaction time: 3350 ms
simulate_experiment INFO:reaction time: 3350 ms
simulate_experiment INFO:reaction time: 3350 ms
simulate_experiment INFO:reaction time: 3350 ms
simulate_experiment INFO:reaction time: 3350 ms
simulate_experiment INFO:reaction time: 3350 ms
simulate_experiment INFO:reaction time: 3350 ms
simulate_experiment INFO:reaction time: 3350 ms
simulate_experiment INFO:reaction time: 3350 ms
simulate_experiment INFO:reaction time: 3350 ms
simulate_experiment INFO:reaction time: 3350 ms
simulate_experiment INFO:reaction time: 3350 ms
simulate_experiment INFO:reaction time: 3350 ms
simulate_experiment INFO:reaction time: 3350 ms
simulate_experiment INFO:reaction time: 3350 ms
simulate_experiment INFO:reaction time: 3350 ms
simulate_experiment INFO:reaction time: 3350 ms
simulate_experiment INFO:reaction time: 3350 ms
simulate_experiment INFO:reaction time: 3350 ms
simulate_experiment INFO:reaction time: 3350 ms
simulate_experiment INFO:reaction time: 3350 ms
simulate_experiment INFO:reaction time: 3350 ms
simulate_experiment INFO:reaction time: 3350 ms
simulate_experiment INFO:reaction time: 3350 ms
simulate_experiment INFO:reaction time: 3350 ms
simulate_experiment INFO:reaction time: 3350 ms
simulate_experiment INFO:reaction time: 3350 ms
simulate_experiment INFO:reaction time: 3350 ms
simulate_experiment INFO:reaction time: 3350 ms
simulate_experiment INFO:reaction time: 3350 ms
simulate_experiment INFO:reaction time: 3350 ms
simulate_experiment INFO:reaction time: 3350 ms
simulate_experiment INFO:reaction time: 3350 ms
simulate_experiment INFO:reaction time: 3350 ms
simulate_experiment INFO:reaction time: 3350 ms
simulate_experiment INFO:reaction time: 3350 ms
simulate_experiment INFO:reaction time: 3350 ms
simulate_experiment INFO:reaction time: 3350 ms
