__main__ DEBUG:namespace(task_to_run='continuous_reading', stimuli_filepath='data\\processed\\Provo_Corpus.csv', stimuli_separator='\t', language='english', run_exp=True, analyze_results=True, results_filepath='', parameters_filepath='', eye_tracking_filepath='../data/raw/Provo_Corpus-Eyetracking_Data.csv', results_identifier='prediction_flag', experiment_parameters_filepath='C:\\Users\\Konstantin\\Documents\\OB1-reader-model-master\\src\\experiment_parameters.json', optimize=False, print_process=False, plotting=False, prediction_flag=False, number_of_simulations=10, n_trials=0, task_name='continuous_reading', stim_name='Provo_Corpus', stim=    id                                                all                                              words                                           word_ids
0    0  There are now rumblings that Apple might soon ...  ['there', 'are', 'now', 'rumblings', 'that', '...  [0, 1, 2, 3, 4, 5, 6, 7, 8, 9, 10, 11, 12, 13,...
1    1  Two days later, the British astronomer Richard...  ['two', 'days', 'later', 'the', 'british', 'as...  [0, 1, 2, 3, 4, 5, 6, 7, 8, 9, 10, 11, 12, 13,...
2    2  I agree that California's "three strikes and y...  ['i', 'agree', 'that', 'californias', 'three',...  [0, 1, 2, 3, 4, 5, 6, 7, 8, 9, 10, 11, 12, 13,...
3    3  Liza was in a bad temper, for she was mixing t...  ['liza', 'was', 'in', 'a', 'bad', 'temper', 'f...  [0, 1, 2, 3, 4, 5, 6, 7, 8, 9, 10, 11, 12, 13,...
4    4  Mrs. Darling quivered and went to the window. ...  ['mrs', 'darling', 'quivered', 'and', 'went', ...  [0, 1, 2, 3, 4, 5, 6, 7, 8, 9, 10, 11, 12, 13,...
5    5  Seeing Peter slowly advancing upon him through...  ['seeing', 'peter', 'slowly', 'advancing', 'up...  [0, 1, 2, 3, 4, 5, 6, 7, 8, 9, 10, 11, 12, 13,...
6    6  Dorothy didn't know. She looked around her anx...  ['dorothy', 'didnt', 'know', 'she', 'looked', ...  [0, 1, 2, 3, 4, 5, 6, 7, 8, 9, 10, 11, 12, 13,...
7    7  The human body can tolerate only a small range...  ['the', 'human', 'body', 'can', 'tolerate', 'o...  [0, 1, 2, 3, 4, 5, 6, 7, 8, 9, 10, 11, 12, 13,...
8    8  It was a forbidding challenge, and it says muc...  ['it', 'was', 'a', 'forbidding', 'challenge', ...  [0, 1, 2, 3, 4, 5, 6, 7, 8, 9, 10, 11, 12, 13,...
9    9  A clergyman remarked to him, "The Lord is on o...  ['a', 'clergyman', 'remarked', 'to', 'him', 't...  [0, 1, 2, 3, 4, 5, 6, 7, 8, 9, 10, 11, 12, 13,...
10  10  Known as Rapa Nui to the island's inhabitants,...  ['known', 'as', 'rapa', 'nui', 'to', 'the', 'i...  [0, 1, 2, 3, 4, 5, 6, 7, 8, 9, 10, 11, 12, 13,...
11  11  Some months later, Michael Larson saw another ...  ['some', 'months', 'later', 'michael', 'larson...  [0, 1, 2, 3, 4, 5, 6, 7, 8, 9, 10, 11, 12, 13,...
12  12  Bob Murphy, the Senior PGA Tour money leader w...  ['bob', 'murphy', 'the', 'senior', 'pga', 'tou...  [0, 1, 2, 3, 4, 5, 6, 7, 8, 9, 10, 11, 12, 13,...
13  13  With schools still closed, cars still buried a...  ['with', 'schools', 'still', 'closed', 'cars',...  [0, 1, 2, 3, 4, 5, 6, 7, 8, 9, 10, 11, 12, 13,...
14  14  Greg Anderson, considered a key witness by the...  ['greg', 'anderson', 'considered', 'a', 'key',...  [0, 1, 2, 3, 4, 5, 6, 7, 8, 9, 10, 11, 12, 13,...
15  15  Steam sterilization is limited in the types of...  ['steam', 'sterilization', 'is', 'limited', 'i...  [0, 1, 2, 3, 4, 5, 6, 7, 8, 9, 10, 11, 12, 13,...
16  16  Owls are more flexible than humans because a b...  ['owls', 'are', 'more', 'flexible', 'than', 'h...  [0, 1, 2, 3, 4, 5, 6, 7, 8, 9, 10, 11, 12, 13,...
17  17  Even in the same animal, not all bites are the...  ['even', 'in', 'the', 'same', 'animal', 'not',...  [0, 1, 2, 3, 4, 5, 6, 7, 8, 9, 10, 11, 12, 13,...
18  18  Interestingly, the heaviest isotopes physicist...  ['interestingly', 'the', 'heaviest', 'isotopes...  [0, 1, 2, 3, 4, 5, 6, 7, 8, 9, 10, 11, 12, 13,...
19  19  Buck did not like it, but he bore up well to t...  ['buck', 'did', 'not', 'like', 'it', 'but', 'h...  [0, 1, 2, 3, 4, 5, 6, 7, 8, 9, 10, 11, 12, 13,...
20  20  These days, neuroscience is beginning to catch...  ['these', 'days', 'neuroscience', 'is', 'begin...  [0, 1, 2, 3, 4, 5, 6, 7, 8, 9, 10, 11, 12, 13,...
21  21  Not only smoke came out of it. There came also...  ['not', 'only', 'smoke', 'came', 'out', 'of', ...  [0, 1, 2, 3, 4, 5, 6, 7, 8, 9, 10, 11, 12, 13,...
22  22  When a nucleus has all of its proton shells or...  ['when', 'a', 'nucleus', 'has', 'all', 'of', '...  [0, 1, 2, 3, 4, 5, 6, 7, 8, 9, 10, 11, 12, 13,...
23  23  Hybrid vehicles have a halo that makes owners ...  ['hybrid', 'vehicles', 'have', 'a', 'halo', 't...  [0, 1, 2, 3, 4, 5, 6, 7, 8, 9, 10, 11, 12, 13,...
24  24  The girl's feet were then re-wrapped even tigh...  ['the', 'girls', 'feet', 'were', 'then', 'rewr...  [0, 1, 2, 3, 4, 5, 6, 7, 8, 9, 10, 11, 12, 13,...
25  25  An early task will be to make sure the newfoun...  ['an', 'early', 'task', 'will', 'be', 'to', 'm...  [0, 1, 2, 3, 4, 5, 6, 7, 8, 9, 10, 11, 12, 13,...
26  26  Very similar, but even more striking, is the e...  ['very', 'similar', 'but', 'even', 'more', 'st...  [0, 1, 2, 3, 4, 5, 6, 7, 8, 9, 10, 11, 12, 13,...
27  27  A bill was drafted and introduced into Parliam...  ['a', 'bill', 'was', 'drafted', 'and', 'introd...  [0, 1, 2, 3, 4, 5, 6, 7, 8, 9, 10, 11, 12, 13,...
28  28  When early Europeans discovered Easter Island,...  ['when', 'early', 'europeans', 'discovered', '...  [0, 1, 2, 3, 4, 5, 6, 7, 8, 9, 10, 11, 12, 13,...
29  29  Binge drinking may not necessarily kill or eve...  ['binge', 'drinking', 'may', 'not', 'necessari...  [0, 1, 2, 3, 4, 5, 6, 7, 8, 9, 10, 11, 12, 13,...
30  30  When preparing to check out of their hotel roo...  ['when', 'preparing', 'to', 'check', 'out', 'o...  [0, 1, 2, 3, 4, 5, 6, 7, 8, 9, 10, 11, 12, 13,...
31  31  In no celestial hurry, Neptune has just comple...  ['in', 'no', 'celestial', 'hurry', 'neptune', ...  [0, 1, 2, 3, 4, 5, 6, 7, 8, 9, 10, 11, 12, 13,...
32  32  When attacked, a skunk's natural inclination i...  ['when', 'attacked', 'a', 'skunks', 'natural',...  [0, 1, 2, 3, 4, 5, 6, 7, 8, 9, 10, 11, 12, 13,...
33  33  Lady Gaga's YouTube account was suspended Thur...  ['lady', 'gagas', 'youtube', 'account', 'was',...  [0, 1, 2, 3, 4, 5, 6, 7, 8, 9, 10, 11, 12, 13,...
34  34  The astronauts used a hefty robotic arm to mov...  ['the', 'astronauts', 'used', 'a', 'hefty', 'r...  [0, 1, 2, 3, 4, 5, 6, 7, 8, 9, 10, 11, 12, 13,...
35  35  Rich investors with no ties to farming, no dir...  ['rich', 'investors', 'with', 'no', 'ties', 't...  [0, 1, 2, 3, 4, 5, 6, 7, 8, 9, 10, 11, 12, 13,...
36  36  John Thornton asked little of man or nature. H...  ['john', 'thornton', 'asked', 'little', 'of', ...  [0, 1, 2, 3, 4, 5, 6, 7, 8, 9, 10, 11, 12, 13,...
37  37  All that the brain has to work with are imperf...  ['all', 'that', 'the', 'brain', 'has', 'to', '...  [0, 1, 2, 3, 4, 5, 6, 7, 8, 9, 10, 11, 12, 13,...
38  38  That's because when immigrants from a particul...  ['thats', 'because', 'when', 'immigrants', 'fr...  [0, 1, 2, 3, 4, 5, 6, 7, 8, 9, 10, 11, 12, 13,...
39  39  Police in Georgia have shut down a lemonade st...  ['police', 'in', 'georgia', 'have', 'shut', 'd...  [0, 1, 2, 3, 4, 5, 6, 7, 8, 9, 10, 11, 12, 13,...
40  40  Research showing that a tiny European river bu...  ['research', 'showing', 'that', 'a', 'tiny', '...  [0, 1, 2, 3, 4, 5, 6, 7, 8, 9, 10, 11, 12, 13,...
41  41  There often seems to be more diving in soccer ...  ['there', 'often', 'seems', 'to', 'be', 'more'...  [0, 1, 2, 3, 4, 5, 6, 7, 8, 9, 10, 11, 12, 13,...
42  42  Proper ventilation will make a backdraft less ...  ['proper', 'ventilation', 'will', 'make', 'a',...  [0, 1, 2, 3, 4, 5, 6, 7, 8, 9, 10, 11, 12, 13,...
43  43  The first step to be taken in studying the his...  ['the', 'first', 'step', 'to', 'be', 'taken', ...  [0, 1, 2, 3, 4, 5, 6, 7, 8, 9, 10, 11, 12, 13,...
44  44  Susan B. Anthony spent nearly sixty years of h...  ['susan', 'b', 'anthony', 'spent', 'nearly', '...  [0, 1, 2, 3, 4, 5, 6, 7, 8, 9, 10, 11, 12, 13,...
45  45  As Earth warms due to the human-caused release...  ['as', 'earth', 'warms', 'due', 'to', 'the', '...  [0, 1, 2, 3, 4, 5, 6, 7, 8, 9, 10, 11, 12, 13,...
46  46  Unfortunately, for every six water bottles we ...  ['unfortunately', 'for', 'every', 'six', 'wate...  [0, 1, 2, 3, 4, 5, 6, 7, 8, 9, 10, 11, 12, 13,...
47  47  As in the United States, Colombian legislation...  ['as', 'in', 'the', 'united', 'states', 'colom...  [0, 1, 2, 3, 4, 5, 6, 7, 8, 9, 10, 11, 12, 13,...
48  48  For centuries, time was measured by the positi...  ['for', 'centuries', 'time', 'was', 'measured'...  [0, 1, 2, 3, 4, 5, 6, 7, 8, 9, 10, 11, 12, 13,...
49  49  When the new world was first discovered it was...  ['when', 'the', 'new', 'world', 'was', 'first'...  [0, 1, 2, 3, 4, 5, 6, 7, 8, 9, 10, 11, 12, 13,...
50  50  American industry may not know it, but debate ...  ['american', 'industry', 'may', 'not', 'know',...  [0, 1, 2, 3, 4, 5, 6, 7, 8, 9, 10, 11, 12, 13,...
51  51  Stress is a risk factor for both depression an...  ['stress', 'is', 'a', 'risk', 'factor', 'for',...  [0, 1, 2, 3, 4, 5, 6, 7, 8, 9, 10, 11, 12, 13,...
52  52  When it comes to having a lasting and fulfilli...  ['when', 'it', 'comes', 'to', 'having', 'a', '...  [0, 1, 2, 3, 4, 5, 6, 7, 8, 9, 10, 11, 12, 13,...
53  53  At the time the French crown secured much of i...  ['at', 'the', 'time', 'the', 'french', 'crown'...  [0, 1, 2, 3, 4, 5, 6, 7, 8, 9, 10, 11, 12, 13,...
54  54  Voltaire himself probably won around half a mi...  ['voltaire', 'himself', 'probably', 'won', 'ar...  [0, 1, 2, 3, 4, 5, 6, 7, 8, 9, 10, 11, 12, 13,..., stim_all=0     There are now rumblings that Apple might soon ...
1     Two days later, the British astronomer Richard...
2     I agree that California's "three strikes and y...
3     Liza was in a bad temper, for she was mixing t...
4     Mrs. Darling quivered and went to the window. ...
5     Seeing Peter slowly advancing upon him through...
6     Dorothy didn't know. She looked around her anx...
7     The human body can tolerate only a small range...
8     It was a forbidding challenge, and it says muc...
9     A clergyman remarked to him, "The Lord is on o...
10    Known as Rapa Nui to the island's inhabitants,...
11    Some months later, Michael Larson saw another ...
12    Bob Murphy, the Senior PGA Tour money leader w...
13    With schools still closed, cars still buried a...
14    Greg Anderson, considered a key witness by the...
15    Steam sterilization is limited in the types of...
16    Owls are more flexible than humans because a b...
17    Even in the same animal, not all bites are the...
18    Interestingly, the heaviest isotopes physicist...
19    Buck did not like it, but he bore up well to t...
20    These days, neuroscience is beginning to catch...
21    Not only smoke came out of it. There came also...
22    When a nucleus has all of its proton shells or...
23    Hybrid vehicles have a halo that makes owners ...
24    The girl's feet were then re-wrapped even tigh...
25    An early task will be to make sure the newfoun...
26    Very similar, but even more striking, is the e...
27    A bill was drafted and introduced into Parliam...
28    When early Europeans discovered Easter Island,...
29    Binge drinking may not necessarily kill or eve...
30    When preparing to check out of their hotel roo...
31    In no celestial hurry, Neptune has just comple...
32    When attacked, a skunk's natural inclination i...
33    Lady Gaga's YouTube account was suspended Thur...
34    The astronauts used a hefty robotic arm to mov...
35    Rich investors with no ties to farming, no dir...
36    John Thornton asked little of man or nature. H...
37    All that the brain has to work with are imperf...
38    That's because when immigrants from a particul...
39    Police in Georgia have shut down a lemonade st...
40    Research showing that a tiny European river bu...
41    There often seems to be more diving in soccer ...
42    Proper ventilation will make a backdraft less ...
43    The first step to be taken in studying the his...
44    Susan B. Anthony spent nearly sixty years of h...
45    As Earth warms due to the human-caused release...
46    Unfortunately, for every six water bottles we ...
47    As in the United States, Colombian legislation...
48    For centuries, time was measured by the positi...
49    When the new world was first discovered it was...
50    American industry may not know it, but debate ...
51    Stress is a risk factor for both depression an...
52    When it comes to having a lasting and fulfilli...
53    At the time the French crown secured much of i...
54    Voltaire himself probably won around half a mi...
Name: all, dtype: object, stimcycles=0, is_priming_task=False, are_nonwords=False, blankscreen_type='blank', blankscreen_cycles_begin=0, blankscreen_cycles_end=0, ncyclesprime=0, POS_implemented=False, affix_implemented=False, display_overlap_inhib_matrix=False, totalcycles=0, cycle_size=20, output_dir=1699622383.9009857, bigram_to_word_excitation=1.0, bigram_to_word_inhibition=0.0, word_inhibition=-0.5, min_activity=0.0, max_activity=1.0, decay=-0.1, discounted_Ngrams=5, bigram_gap=2, min_overlap=0, max_threshold=0.5, freq_weight=0.1, wordfreq_p=0.4, wordpred_p=0.2, word_length_similarity_constant=0.15, frequency_flag=True, use_grammar_prob=False, uniform_prob=False, grammar_weight=0.5, linear=False, topk='all', pred_threshold=0.01, pred_weight=0.1, attend_width=5.0, max_attend_width=5.0, min_attend_width=3.0, attention_skew=3, letPerDeg=0.3, refix_size=0.2, salience_position=1.0, sacc_optimal_distance=7, saccErr_scaler=0.2, saccErr_sigma=0.17, saccErr_sigma_scaler=0.06, mu=12, sigma=4, recog_speeding=5.0, use_saccade_error=True, include_sacc_type_sse=True, sacc_type_objective='total', include_sacc_dist_sse=True, tuning_measure='SSE', discretization='bin', objective=[], epsilon=0.1, similarity_based_recognition=True, use_attendposition_change=True, visualise=False, slow_word_activity=False, pauze_allocation_errors=False, use_boundary_task=False, corpora_repeats=0, trial_ends_on_key_press=False, evaluation_measures=['skip', 'single_fix', 'single_fix_duration', 'first_fix_duration', 'gaze_duration', 'total_reading_time', 'regression_in'], fixed_factors=['predictability'])
simulate_experiment INFO:
Preparing simulation(s)...
simulate_experiment INFO:
Setting word recognition thresholds...
simulate_experiment INFO:Finding ngrams from lexicon...
simulate_experiment INFO:Computing word-to-word inhibition matrix...
